#
# There is insufficient memory for the Java Runtime Environment to continue.
# Native memory allocation (malloc) failed to allocate 32744 bytes for ChunkPool::allocate
# Possible reasons:
#   The system is out of physical RAM or swap space
#   The process is running with CompressedOops enabled, and the Java Heap may be blocking the growth of the native heap
# Possible solutions:
#   Reduce memory load on the system
#   Increase physical memory or swap space
#   Check if swap backing store is full
#   Decrease Java heap size (-Xmx/-Xms)
#   Decrease number of Java threads
#   Decrease Java thread stack sizes (-Xss)
#   Set larger code cache with -XX:ReservedCodeCacheSize=
#   JVM is running with Unscaled Compressed Oops mode in which the Java heap is
#     placed in the first 4GB address space. The Java Heap base address is the
#     maximum limit for the native heap growth. Please use -XX:HeapBaseMinAddress
#     to set the Java Heap base and to place the Java Heap above 4GB virtual address.
# This output file may be truncated or incomplete.
#
#  Out of Memory Error (./open/src/hotspot/share/memory/arena.cpp:79), pid=27560, tid=23000
#
# JRE version: Java(TM) SE Runtime Environment (14.0.2+12) (build 14.0.2+12-46)
# Java VM: Java HotSpot(TM) 64-Bit Server VM (14.0.2+12-46, mixed mode, sharing, tiered, compressed oops, g1 gc, windows-amd64)
# No core dump will be written. Minidumps are not enabled by default on client versions of Windows
#

---------------  S U M M A R Y ------------

Command Line: -Dfile.encoding=UTF-8 --module-path=C:\Users\ASUS\Documents\NetBeansProjects\FeeManagementSystem\build\classes feemanagementsystem.NewStudentForm

Host: Intel(R) Core(TM) i5-8250U CPU @ 1.60GHz, 8 cores, 7G,  Windows 10 , 64 bit Build 17763 (10.0.17763.1)
Time: Sat Jan 30 13:05:08 2021 India Standard Time elapsed time: 636 seconds (0d 0h 10m 36s)

---------------  T H R E A D  ---------------

Current thread (0x000002c2d6af8000):  JavaThread "C2 CompilerThread0" daemon [_thread_in_native, id=23000, stack(0x000000e639e00000,0x000000e639f00000)]


Current CompileTask:
C2: 636464 1093       4       java.util.HashMap::put (13 bytes)

Stack: [0x000000e639e00000,0x000000e639f00000]
Native frames: (J=compiled Java code, j=interpreted, Vv=VM code, C=native code)
V  [jvm.dll+0x5f8a9a]
V  [jvm.dll+0x74247a]
V  [jvm.dll+0x743c2f]
V  [jvm.dll+0x744273]
V  [jvm.dll+0x20d288]
V  [jvm.dll+0xabea6]
V  [jvm.dll+0xac1fc]
V  [jvm.dll+0x58847d]
V  [jvm.dll+0x588627]
V  [jvm.dll+0x58d48e]
V  [jvm.dll+0x58e3cf]
V  [jvm.dll+0x58c905]
V  [jvm.dll+0x1e5ca5]
V  [jvm.dll+0x1e50b8]
V  [jvm.dll+0x1779cc]
V  [jvm.dll+0x1f4105]
V  [jvm.dll+0x1f22eb]
V  [jvm.dll+0x7070cd]
V  [jvm.dll+0x6ffeda]
V  [jvm.dll+0x5f78f6]
C  [ucrtbase.dll+0x203ba]
C  [KERNEL32.DLL+0x17e94]
C  [ntdll.dll+0x31af1]


---------------  P R O C E S S  ---------------

Threads class SMR info:
_java_thread_list=0x000002c2d741a120, length=16, elements={
0x000002c2d61d1000, 0x000002c2d61d2000, 0x000002c2d61e7000, 0x000002c2d61ea000,
0x000002c2d61eb800, 0x000002c2d6af8000, 0x000002c2d6af9800, 0x000002c2d6b0d000,
0x000002c2d6c13800, 0x000002c2d6c10000, 0x000002c2d6c12800, 0x000002c2d6c11000,
0x000002c2d6c14000, 0x000002c2d6c11800, 0x000002c2d6c15000, 0x000002c2d6c16000
}

Java Threads: ( => current thread )
  0x000002c2d61d1000 JavaThread "Reference Handler" daemon [_thread_blocked, id=27448, stack(0x000000e639900000,0x000000e639a00000)]
  0x000002c2d61d2000 JavaThread "Finalizer" daemon [_thread_blocked, id=4184, stack(0x000000e639a00000,0x000000e639b00000)]
  0x000002c2d61e7000 JavaThread "Signal Dispatcher" daemon [_thread_blocked, id=11056, stack(0x000000e639b00000,0x000000e639c00000)]
  0x000002c2d61ea000 JavaThread "Attach Listener" daemon [_thread_blocked, id=9844, stack(0x000000e639c00000,0x000000e639d00000)]
  0x000002c2d61eb800 JavaThread "Service Thread" daemon [_thread_blocked, id=19364, stack(0x000000e639d00000,0x000000e639e00000)]
=>0x000002c2d6af8000 JavaThread "C2 CompilerThread0" daemon [_thread_in_native, id=23000, stack(0x000000e639e00000,0x000000e639f00000)]
  0x000002c2d6af9800 JavaThread "C1 CompilerThread0" daemon [_thread_blocked, id=23352, stack(0x000000e639f00000,0x000000e63a000000)]
  0x000002c2d6b0d000 JavaThread "Sweeper thread" daemon [_thread_blocked, id=5672, stack(0x000000e63a000000,0x000000e63a100000)]
  0x000002c2d6c13800 JavaThread "Common-Cleaner" daemon [_thread_blocked, id=28556, stack(0x000000e63a100000,0x000000e63a200000)]
  0x000002c2d6c10000 JavaThread "Notification Thread" daemon [_thread_blocked, id=28560, stack(0x000000e63a200000,0x000000e63a300000)]
  0x000002c2d6c12800 JavaThread "Java2D Disposer" daemon [_thread_blocked, id=26572, stack(0x000000e63a400000,0x000000e63a500000)]
  0x000002c2d6c11000 JavaThread "AWT-Shutdown" [_thread_blocked, id=24520, stack(0x000000e63a500000,0x000000e63a600000)]
  0x000002c2d6c14000 JavaThread "AWT-Windows" daemon [_thread_in_native, id=24628, stack(0x000000e63a600000,0x000000e63a700000)]
  0x000002c2d6c11800 JavaThread "AWT-EventQueue-0" [_thread_blocked, id=19240, stack(0x000000e63a700000,0x000000e63a800000)]
  0x000002c2d6c15000 JavaThread "DestroyJavaVM" [_thread_blocked, id=28420, stack(0x000000e639200000,0x000000e639300000)]
  0x000002c2d6c16000 JavaThread "TimerQueue" daemon [_thread_blocked, id=14028, stack(0x000000e63ab00000,0x000000e63ac00000)]

Other Threads:
  0x000002c2d61cb000 VMThread "VM Thread" [stack: 0x000000e639800000,0x000000e639900000] [id=7392]
  0x000002c2d6cff000 WatcherThread [stack: 0x000000e63a300000,0x000000e63a400000] [id=24868]
  0x000002c2b7201000 GCTaskThread "GC Thread#0" [stack: 0x000000e639300000,0x000000e639400000] [id=21004]
  0x000002c2b7212800 ConcurrentGCThread "G1 Main Marker" [stack: 0x000000e639400000,0x000000e639500000] [id=16228]
  0x000002c2b7214800 ConcurrentGCThread "G1 Conc#0" [stack: 0x000000e639500000,0x000000e639600000] [id=16220]
  0x000002c2d6039800 ConcurrentGCThread "G1 Refine#0" [stack: 0x000000e639600000,0x000000e639700000] [id=15996]
  0x000002c2d603d000 ConcurrentGCThread "G1 Young RemSet Sampling" [stack: 0x000000e639700000,0x000000e639800000] [id=27316]

Threads with active compile tasks:
C2 CompilerThread0   636602 1093       4       java.util.HashMap::put (13 bytes)

VM state:not at safepoint (normal execution)

VM Mutex/Monitor currently owned by a thread: None

Heap address: 0x0000000082200000, size: 2014 MB, Compressed Oops mode: 32-bit
Narrow klass base: 0x0000000800000000, Narrow klass shift: 3
Compressed class space size: 1073741824 Address: 0x0000000800b30000

Heap:
 garbage-first heap   total 129024K, used 13312K [0x0000000082200000, 0x0000000100000000)
  region size 1024K, 9 young (9216K), 0 survivors (0K)
 Metaspace       used 9433K, capacity 9662K, committed 9856K, reserved 1058816K
  class space    used 1154K, capacity 1289K, committed 1408K, reserved 1048576K
Heap Regions: E=young(eden), S=young(survivor), O=old, HS=humongous(starts), HC=humongous(continues), CS=collection set, F=free, OA=open archive, CA=closed archive, TAMS=top-at-mark-start (previous, next)
|   0|0x0000000082200000, 0x0000000082300000, 0x0000000082300000|100%|HS|  |TAMS 0x0000000082200000, 0x0000000082200000| Complete 
|   1|0x0000000082300000, 0x0000000082400000, 0x0000000082400000|100%|HC|  |TAMS 0x0000000082300000, 0x0000000082300000| Complete 
|   2|0x0000000082400000, 0x0000000082500000, 0x0000000082500000|100%|HC|  |TAMS 0x0000000082400000, 0x0000000082400000| Complete 
|   3|0x0000000082500000, 0x0000000082600000, 0x0000000082600000|100%|HC|  |TAMS 0x0000000082500000, 0x0000000082500000| Complete 
|   4|0x0000000082600000, 0x0000000082700000, 0x0000000082700000|100%|HC|  |TAMS 0x0000000082600000, 0x0000000082600000| Complete 
|   5|0x0000000082700000, 0x0000000082700000, 0x0000000082800000|  0%| F|  |TAMS 0x0000000082700000, 0x0000000082700000| Untracked 
|   6|0x0000000082800000, 0x0000000082800000, 0x0000000082900000|  0%| F|  |TAMS 0x0000000082800000, 0x0000000082800000| Untracked 
|   7|0x0000000082900000, 0x0000000082900000, 0x0000000082a00000|  0%| F|  |TAMS 0x0000000082900000, 0x0000000082900000| Untracked 
|   8|0x0000000082a00000, 0x0000000082a00000, 0x0000000082b00000|  0%| F|  |TAMS 0x0000000082a00000, 0x0000000082a00000| Untracked 
|   9|0x0000000082b00000, 0x0000000082b00000, 0x0000000082c00000|  0%| F|  |TAMS 0x0000000082b00000, 0x0000000082b00000| Untracked 
|  10|0x0000000082c00000, 0x0000000082c00000, 0x0000000082d00000|  0%| F|  |TAMS 0x0000000082c00000, 0x0000000082c00000| Untracked 
|  11|0x0000000082d00000, 0x0000000082d00000, 0x0000000082e00000|  0%| F|  |TAMS 0x0000000082d00000, 0x0000000082d00000| Untracked 
|  12|0x0000000082e00000, 0x0000000082e00000, 0x0000000082f00000|  0%| F|  |TAMS 0x0000000082e00000, 0x0000000082e00000| Untracked 
|  13|0x0000000082f00000, 0x0000000082f00000, 0x0000000083000000|  0%| F|  |TAMS 0x0000000082f00000, 0x0000000082f00000| Untracked 
|  14|0x0000000083000000, 0x0000000083000000, 0x0000000083100000|  0%| F|  |TAMS 0x0000000083000000, 0x0000000083000000| Untracked 
|  15|0x0000000083100000, 0x0000000083100000, 0x0000000083200000|  0%| F|  |TAMS 0x0000000083100000, 0x0000000083100000| Untracked 
|  16|0x0000000083200000, 0x0000000083200000, 0x0000000083300000|  0%| F|  |TAMS 0x0000000083200000, 0x0000000083200000| Untracked 
|  17|0x0000000083300000, 0x0000000083300000, 0x0000000083400000|  0%| F|  |TAMS 0x0000000083300000, 0x0000000083300000| Untracked 
|  18|0x0000000083400000, 0x0000000083400000, 0x0000000083500000|  0%| F|  |TAMS 0x0000000083400000, 0x0000000083400000| Untracked 
|  19|0x0000000083500000, 0x0000000083500000, 0x0000000083600000|  0%| F|  |TAMS 0x0000000083500000, 0x0000000083500000| Untracked 
|  20|0x0000000083600000, 0x0000000083600000, 0x0000000083700000|  0%| F|  |TAMS 0x0000000083600000, 0x0000000083600000| Untracked 
|  21|0x0000000083700000, 0x0000000083700000, 0x0000000083800000|  0%| F|  |TAMS 0x0000000083700000, 0x0000000083700000| Untracked 
|  22|0x0000000083800000, 0x0000000083800000, 0x0000000083900000|  0%| F|  |TAMS 0x0000000083800000, 0x0000000083800000| Untracked 
|  23|0x0000000083900000, 0x0000000083900000, 0x0000000083a00000|  0%| F|  |TAMS 0x0000000083900000, 0x0000000083900000| Untracked 
|  24|0x0000000083a00000, 0x0000000083a00000, 0x0000000083b00000|  0%| F|  |TAMS 0x0000000083a00000, 0x0000000083a00000| Untracked 
|  25|0x0000000083b00000, 0x0000000083b00000, 0x0000000083c00000|  0%| F|  |TAMS 0x0000000083b00000, 0x0000000083b00000| Untracked 
|  26|0x0000000083c00000, 0x0000000083c00000, 0x0000000083d00000|  0%| F|  |TAMS 0x0000000083c00000, 0x0000000083c00000| Untracked 
|  27|0x0000000083d00000, 0x0000000083d00000, 0x0000000083e00000|  0%| F|  |TAMS 0x0000000083d00000, 0x0000000083d00000| Untracked 
|  28|0x0000000083e00000, 0x0000000083e00000, 0x0000000083f00000|  0%| F|  |TAMS 0x0000000083e00000, 0x0000000083e00000| Untracked 
|  29|0x0000000083f00000, 0x0000000083f00000, 0x0000000084000000|  0%| F|  |TAMS 0x0000000083f00000, 0x0000000083f00000| Untracked 
|  30|0x0000000084000000, 0x0000000084000000, 0x0000000084100000|  0%| F|  |TAMS 0x0000000084000000, 0x0000000084000000| Untracked 
|  31|0x0000000084100000, 0x0000000084100000, 0x0000000084200000|  0%| F|  |TAMS 0x0000000084100000, 0x0000000084100000| Untracked 
|  32|0x0000000084200000, 0x0000000084200000, 0x0000000084300000|  0%| F|  |TAMS 0x0000000084200000, 0x0000000084200000| Untracked 
|  33|0x0000000084300000, 0x0000000084300000, 0x0000000084400000|  0%| F|  |TAMS 0x0000000084300000, 0x0000000084300000| Untracked 
|  34|0x0000000084400000, 0x0000000084400000, 0x0000000084500000|  0%| F|  |TAMS 0x0000000084400000, 0x0000000084400000| Untracked 
|  35|0x0000000084500000, 0x0000000084500000, 0x0000000084600000|  0%| F|  |TAMS 0x0000000084500000, 0x0000000084500000| Untracked 
|  36|0x0000000084600000, 0x0000000084600000, 0x0000000084700000|  0%| F|  |TAMS 0x0000000084600000, 0x0000000084600000| Untracked 
|  37|0x0000000084700000, 0x0000000084700000, 0x0000000084800000|  0%| F|  |TAMS 0x0000000084700000, 0x0000000084700000| Untracked 
|  38|0x0000000084800000, 0x0000000084800000, 0x0000000084900000|  0%| F|  |TAMS 0x0000000084800000, 0x0000000084800000| Untracked 
|  39|0x0000000084900000, 0x0000000084900000, 0x0000000084a00000|  0%| F|  |TAMS 0x0000000084900000, 0x0000000084900000| Untracked 
|  40|0x0000000084a00000, 0x0000000084a00000, 0x0000000084b00000|  0%| F|  |TAMS 0x0000000084a00000, 0x0000000084a00000| Untracked 
|  41|0x0000000084b00000, 0x0000000084b00000, 0x0000000084c00000|  0%| F|  |TAMS 0x0000000084b00000, 0x0000000084b00000| Untracked 
|  42|0x0000000084c00000, 0x0000000084c00000, 0x0000000084d00000|  0%| F|  |TAMS 0x0000000084c00000, 0x0000000084c00000| Untracked 
|  43|0x0000000084d00000, 0x0000000084d00000, 0x0000000084e00000|  0%| F|  |TAMS 0x0000000084d00000, 0x0000000084d00000| Untracked 
|  44|0x0000000084e00000, 0x0000000084e00000, 0x0000000084f00000|  0%| F|  |TAMS 0x0000000084e00000, 0x0000000084e00000| Untracked 
|  45|0x0000000084f00000, 0x0000000084f00000, 0x0000000085000000|  0%| F|  |TAMS 0x0000000084f00000, 0x0000000084f00000| Untracked 
|  46|0x0000000085000000, 0x0000000085000000, 0x0000000085100000|  0%| F|  |TAMS 0x0000000085000000, 0x0000000085000000| Untracked 
|  47|0x0000000085100000, 0x0000000085100000, 0x0000000085200000|  0%| F|  |TAMS 0x0000000085100000, 0x0000000085100000| Untracked 
|  48|0x0000000085200000, 0x0000000085200000, 0x0000000085300000|  0%| F|  |TAMS 0x0000000085200000, 0x0000000085200000| Untracked 
|  49|0x0000000085300000, 0x0000000085300000, 0x0000000085400000|  0%| F|  |TAMS 0x0000000085300000, 0x0000000085300000| Untracked 
|  50|0x0000000085400000, 0x0000000085400000, 0x0000000085500000|  0%| F|  |TAMS 0x0000000085400000, 0x0000000085400000| Untracked 
|  51|0x0000000085500000, 0x0000000085500000, 0x0000000085600000|  0%| F|  |TAMS 0x0000000085500000, 0x0000000085500000| Untracked 
|  52|0x0000000085600000, 0x0000000085600000, 0x0000000085700000|  0%| F|  |TAMS 0x0000000085600000, 0x0000000085600000| Untracked 
|  53|0x0000000085700000, 0x0000000085700000, 0x0000000085800000|  0%| F|  |TAMS 0x0000000085700000, 0x0000000085700000| Untracked 
|  54|0x0000000085800000, 0x0000000085800000, 0x0000000085900000|  0%| F|  |TAMS 0x0000000085800000, 0x0000000085800000| Untracked 
|  55|0x0000000085900000, 0x0000000085900000, 0x0000000085a00000|  0%| F|  |TAMS 0x0000000085900000, 0x0000000085900000| Untracked 
|  56|0x0000000085a00000, 0x0000000085a00000, 0x0000000085b00000|  0%| F|  |TAMS 0x0000000085a00000, 0x0000000085a00000| Untracked 
|  57|0x0000000085b00000, 0x0000000085b00000, 0x0000000085c00000|  0%| F|  |TAMS 0x0000000085b00000, 0x0000000085b00000| Untracked 
|  58|0x0000000085c00000, 0x0000000085c00000, 0x0000000085d00000|  0%| F|  |TAMS 0x0000000085c00000, 0x0000000085c00000| Untracked 
|  59|0x0000000085d00000, 0x0000000085d00000, 0x0000000085e00000|  0%| F|  |TAMS 0x0000000085d00000, 0x0000000085d00000| Untracked 
|  60|0x0000000085e00000, 0x0000000085e00000, 0x0000000085f00000|  0%| F|  |TAMS 0x0000000085e00000, 0x0000000085e00000| Untracked 
|  61|0x0000000085f00000, 0x0000000085f00000, 0x0000000086000000|  0%| F|  |TAMS 0x0000000085f00000, 0x0000000085f00000| Untracked 
|  62|0x0000000086000000, 0x0000000086000000, 0x0000000086100000|  0%| F|  |TAMS 0x0000000086000000, 0x0000000086000000| Untracked 
|  63|0x0000000086100000, 0x0000000086100000, 0x0000000086200000|  0%| F|  |TAMS 0x0000000086100000, 0x0000000086100000| Untracked 
|  64|0x0000000086200000, 0x0000000086200000, 0x0000000086300000|  0%| F|  |TAMS 0x0000000086200000, 0x0000000086200000| Untracked 
|  65|0x0000000086300000, 0x0000000086300000, 0x0000000086400000|  0%| F|  |TAMS 0x0000000086300000, 0x0000000086300000| Untracked 
|  66|0x0000000086400000, 0x0000000086400000, 0x0000000086500000|  0%| F|  |TAMS 0x0000000086400000, 0x0000000086400000| Untracked 
|  67|0x0000000086500000, 0x0000000086500000, 0x0000000086600000|  0%| F|  |TAMS 0x0000000086500000, 0x0000000086500000| Untracked 
|  68|0x0000000086600000, 0x0000000086600000, 0x0000000086700000|  0%| F|  |TAMS 0x0000000086600000, 0x0000000086600000| Untracked 
|  69|0x0000000086700000, 0x0000000086700000, 0x0000000086800000|  0%| F|  |TAMS 0x0000000086700000, 0x0000000086700000| Untracked 
|  70|0x0000000086800000, 0x0000000086800000, 0x0000000086900000|  0%| F|  |TAMS 0x0000000086800000, 0x0000000086800000| Untracked 
|  71|0x0000000086900000, 0x0000000086900000, 0x0000000086a00000|  0%| F|  |TAMS 0x0000000086900000, 0x0000000086900000| Untracked 
|  72|0x0000000086a00000, 0x0000000086a00000, 0x0000000086b00000|  0%| F|  |TAMS 0x0000000086a00000, 0x0000000086a00000| Untracked 
|  73|0x0000000086b00000, 0x0000000086b00000, 0x0000000086c00000|  0%| F|  |TAMS 0x0000000086b00000, 0x0000000086b00000| Untracked 
|  74|0x0000000086c00000, 0x0000000086c00000, 0x0000000086d00000|  0%| F|  |TAMS 0x0000000086c00000, 0x0000000086c00000| Untracked 
|  75|0x0000000086d00000, 0x0000000086d00000, 0x0000000086e00000|  0%| F|  |TAMS 0x0000000086d00000, 0x0000000086d00000| Untracked 
|  76|0x0000000086e00000, 0x0000000086e00000, 0x0000000086f00000|  0%| F|  |TAMS 0x0000000086e00000, 0x0000000086e00000| Untracked 
|  77|0x0000000086f00000, 0x0000000086f00000, 0x0000000087000000|  0%| F|  |TAMS 0x0000000086f00000, 0x0000000086f00000| Untracked 
|  78|0x0000000087000000, 0x0000000087000000, 0x0000000087100000|  0%| F|  |TAMS 0x0000000087000000, 0x0000000087000000| Untracked 
|  79|0x0000000087100000, 0x0000000087100000, 0x0000000087200000|  0%| F|  |TAMS 0x0000000087100000, 0x0000000087100000| Untracked 
|  80|0x0000000087200000, 0x0000000087200000, 0x0000000087300000|  0%| F|  |TAMS 0x0000000087200000, 0x0000000087200000| Untracked 
|  81|0x0000000087300000, 0x0000000087300000, 0x0000000087400000|  0%| F|  |TAMS 0x0000000087300000, 0x0000000087300000| Untracked 
|  82|0x0000000087400000, 0x0000000087400000, 0x0000000087500000|  0%| F|  |TAMS 0x0000000087400000, 0x0000000087400000| Untracked 
|  83|0x0000000087500000, 0x0000000087500000, 0x0000000087600000|  0%| F|  |TAMS 0x0000000087500000, 0x0000000087500000| Untracked 
|  84|0x0000000087600000, 0x0000000087600000, 0x0000000087700000|  0%| F|  |TAMS 0x0000000087600000, 0x0000000087600000| Untracked 
|  85|0x0000000087700000, 0x0000000087700000, 0x0000000087800000|  0%| F|  |TAMS 0x0000000087700000, 0x0000000087700000| Untracked 
|  86|0x0000000087800000, 0x0000000087800000, 0x0000000087900000|  0%| F|  |TAMS 0x0000000087800000, 0x0000000087800000| Untracked 
|  87|0x0000000087900000, 0x0000000087900000, 0x0000000087a00000|  0%| F|  |TAMS 0x0000000087900000, 0x0000000087900000| Untracked 
|  88|0x0000000087a00000, 0x0000000087a00000, 0x0000000087b00000|  0%| F|  |TAMS 0x0000000087a00000, 0x0000000087a00000| Untracked 
|  89|0x0000000087b00000, 0x0000000087b00000, 0x0000000087c00000|  0%| F|  |TAMS 0x0000000087b00000, 0x0000000087b00000| Untracked 
|  90|0x0000000087c00000, 0x0000000087c00000, 0x0000000087d00000|  0%| F|  |TAMS 0x0000000087c00000, 0x0000000087c00000| Untracked 
|  91|0x0000000087d00000, 0x0000000087d00000, 0x0000000087e00000|  0%| F|  |TAMS 0x0000000087d00000, 0x0000000087d00000| Untracked 
|  92|0x0000000087e00000, 0x0000000087e00000, 0x0000000087f00000|  0%| F|  |TAMS 0x0000000087e00000, 0x0000000087e00000| Untracked 
|  93|0x0000000087f00000, 0x0000000087f00000, 0x0000000088000000|  0%| F|  |TAMS 0x0000000087f00000, 0x0000000087f00000| Untracked 
|  94|0x0000000088000000, 0x0000000088000000, 0x0000000088100000|  0%| F|  |TAMS 0x0000000088000000, 0x0000000088000000| Untracked 
|  95|0x0000000088100000, 0x0000000088100000, 0x0000000088200000|  0%| F|  |TAMS 0x0000000088100000, 0x0000000088100000| Untracked 
|  96|0x0000000088200000, 0x0000000088200000, 0x0000000088300000|  0%| F|  |TAMS 0x0000000088200000, 0x0000000088200000| Untracked 
|  97|0x0000000088300000, 0x0000000088300000, 0x0000000088400000|  0%| F|  |TAMS 0x0000000088300000, 0x0000000088300000| Untracked 
|  98|0x0000000088400000, 0x0000000088400000, 0x0000000088500000|  0%| F|  |TAMS 0x0000000088400000, 0x0000000088400000| Untracked 
|  99|0x0000000088500000, 0x0000000088500000, 0x0000000088600000|  0%| F|  |TAMS 0x0000000088500000, 0x0000000088500000| Untracked 
| 100|0x0000000088600000, 0x0000000088600000, 0x0000000088700000|  0%| F|  |TAMS 0x0000000088600000, 0x0000000088600000| Untracked 
| 101|0x0000000088700000, 0x0000000088700000, 0x0000000088800000|  0%| F|  |TAMS 0x0000000088700000, 0x0000000088700000| Untracked 
| 102|0x0000000088800000, 0x0000000088800000, 0x0000000088900000|  0%| F|  |TAMS 0x0000000088800000, 0x0000000088800000| Untracked 
| 103|0x0000000088900000, 0x0000000088900000, 0x0000000088a00000|  0%| F|  |TAMS 0x0000000088900000, 0x0000000088900000| Untracked 
| 104|0x0000000088a00000, 0x0000000088a00000, 0x0000000088b00000|  0%| F|  |TAMS 0x0000000088a00000, 0x0000000088a00000| Untracked 
| 105|0x0000000088b00000, 0x0000000088b00000, 0x0000000088c00000|  0%| F|  |TAMS 0x0000000088b00000, 0x0000000088b00000| Untracked 
| 106|0x0000000088c00000, 0x0000000088c00000, 0x0000000088d00000|  0%| F|  |TAMS 0x0000000088c00000, 0x0000000088c00000| Untracked 
| 107|0x0000000088d00000, 0x0000000088d00000, 0x0000000088e00000|  0%| F|  |TAMS 0x0000000088d00000, 0x0000000088d00000| Untracked 
| 108|0x0000000088e00000, 0x0000000088e00000, 0x0000000088f00000|  0%| F|  |TAMS 0x0000000088e00000, 0x0000000088e00000| Untracked 
| 109|0x0000000088f00000, 0x0000000088f00000, 0x0000000089000000|  0%| F|  |TAMS 0x0000000088f00000, 0x0000000088f00000| Untracked 
| 110|0x0000000089000000, 0x0000000089000000, 0x0000000089100000|  0%| F|  |TAMS 0x0000000089000000, 0x0000000089000000| Untracked 
| 111|0x0000000089100000, 0x0000000089100000, 0x0000000089200000|  0%| F|  |TAMS 0x0000000089100000, 0x0000000089100000| Untracked 
| 112|0x0000000089200000, 0x0000000089200000, 0x0000000089300000|  0%| F|  |TAMS 0x0000000089200000, 0x0000000089200000| Untracked 
| 113|0x0000000089300000, 0x0000000089300000, 0x0000000089400000|  0%| F|  |TAMS 0x0000000089300000, 0x0000000089300000| Untracked 
| 114|0x0000000089400000, 0x0000000089400000, 0x0000000089500000|  0%| F|  |TAMS 0x0000000089400000, 0x0000000089400000| Untracked 
| 115|0x0000000089500000, 0x0000000089500000, 0x0000000089600000|  0%| F|  |TAMS 0x0000000089500000, 0x0000000089500000| Untracked 
| 116|0x0000000089600000, 0x0000000089600000, 0x0000000089700000|  0%| F|  |TAMS 0x0000000089600000, 0x0000000089600000| Untracked 
| 117|0x0000000089700000, 0x0000000089776450, 0x0000000089800000| 46%| E|  |TAMS 0x0000000089700000, 0x0000000089700000| Complete 
| 118|0x0000000089800000, 0x0000000089900000, 0x0000000089900000|100%| E|CS|TAMS 0x0000000089800000, 0x0000000089800000| Complete 
| 119|0x0000000089900000, 0x0000000089a00000, 0x0000000089a00000|100%| E|CS|TAMS 0x0000000089900000, 0x0000000089900000| Complete 
| 120|0x0000000089a00000, 0x0000000089b00000, 0x0000000089b00000|100%| E|CS|TAMS 0x0000000089a00000, 0x0000000089a00000| Complete 
| 121|0x0000000089b00000, 0x0000000089c00000, 0x0000000089c00000|100%| E|CS|TAMS 0x0000000089b00000, 0x0000000089b00000| Complete 
| 122|0x0000000089c00000, 0x0000000089d00000, 0x0000000089d00000|100%| E|CS|TAMS 0x0000000089c00000, 0x0000000089c00000| Complete 
| 123|0x0000000089d00000, 0x0000000089e00000, 0x0000000089e00000|100%| E|CS|TAMS 0x0000000089d00000, 0x0000000089d00000| Complete 
| 124|0x0000000089e00000, 0x0000000089f00000, 0x0000000089f00000|100%| E|CS|TAMS 0x0000000089e00000, 0x0000000089e00000| Complete 
| 125|0x0000000089f00000, 0x000000008a000000, 0x000000008a000000|100%| E|CS|TAMS 0x0000000089f00000, 0x0000000089f00000| Complete 

Card table byte_map: [0x000002c2cf080000,0x000002c2cf470000] _byte_map_base: 0x000002c2cec6f000

Marking Bits (Prev, Next): (CMBitMap*) 0x000002c2b7201e78, (CMBitMap*) 0x000002c2b7201eb8
 Prev Bits: [0x000002c2cf860000, 0x000002c2d17d8000)
 Next Bits: [0x000002c2d17e0000, 0x000002c2d3758000)

Polling page: 0x000002c2b5150000

Metaspace:

Usage:
  Non-class:      8.18 MB capacity,     8.09 MB ( 99%) used,    71.52 KB ( <1%) free+waste,    21.94 KB ( <1%) overhead. 
      Class:      1.26 MB capacity,     1.13 MB ( 90%) used,   120.81 KB (  9%) free+waste,    13.81 KB (  1%) overhead. 
       Both:      9.44 MB capacity,     9.21 MB ( 98%) used,   192.34 KB (  2%) free+waste,    35.75 KB ( <1%) overhead. 

Virtual space:
  Non-class space:       10.00 MB reserved,       8.25 MB ( 83%) committed 
      Class space:        1.00 GB reserved,       1.38 MB ( <1%) committed 
             Both:        1.01 GB reserved,       9.63 MB ( <1%) committed 

Chunk freelists:
   Non-Class:  11.00 KB
       Class:  23.00 KB
        Both:  34.00 KB

MaxMetaspaceSize: 17179869184.00 GB
CompressedClassSpaceSize: 1.00 GB

CodeHeap 'non-profiled nmethods': size=120000Kb used=309Kb max_used=309Kb free=119690Kb
 bounds [0x000002c2c7430000, 0x000002c2c76a0000, 0x000002c2ce960000]
CodeHeap 'profiled nmethods': size=120000Kb used=1681Kb max_used=1681Kb free=118318Kb
 bounds [0x000002c2bff00000, 0x000002c2c0170000, 0x000002c2c7430000]
CodeHeap 'non-nmethods': size=5760Kb used=1286Kb max_used=1303Kb free=4473Kb
 bounds [0x000002c2bf960000, 0x000002c2bfbd0000, 0x000002c2bff00000]
 total_blobs=1669 nmethods=1092 adapters=490
 compilation: enabled
              stopped_count=0, restarted_count=0
 full_count=0

Compilation events (20 events):
Event: 6.347 Thread 0x000002c2d6af9800 nmethod 1084 0x000002c2c009a890 code [0x000002c2c009aa40, 0x000002c2c009ab88]
Event: 6.347 Thread 0x000002c2d6af9800 1085       3       java.awt.EventQueue$4::run (60 bytes)
Event: 6.348 Thread 0x000002c2d6af9800 nmethod 1085 0x000002c2c009ac10 code [0x000002c2c009ae00, 0x000002c2c009b0f8]
Event: 6.348 Thread 0x000002c2d6af9800 1086       3       java.awt.EventQueue::dispatchEventImpl (136 bytes)
Event: 6.351 Thread 0x000002c2d6af9800 nmethod 1086 0x000002c2c009b290 code [0x000002c2c009b620, 0x000002c2c009d468]
Event: 6.354 Thread 0x000002c2d6af9800 1089   !   3       java.awt.EventDispatchThread::filterAndCheckEvent (108 bytes)
Event: 6.357 Thread 0x000002c2d6af9800 nmethod 1089 0x000002c2c009da90 code [0x000002c2c009dce0, 0x000002c2c009eb38]
Event: 6.357 Thread 0x000002c2d6af9800 1088   !   3       java.awt.EventQueue::getNextEvent (84 bytes)
Event: 6.358 Thread 0x000002c2d6af9800 nmethod 1088 0x000002c2c009f010 code [0x000002c2c009f260, 0x000002c2c009fb48]
Event: 6.358 Thread 0x000002c2d6af9800 1087   !   3       java.awt.EventDispatchThread::pumpOneEventForFilters (113 bytes)
Event: 6.360 Thread 0x000002c2d6af9800 nmethod 1087 0x000002c2c009ff10 code [0x000002c2c00a0180, 0x000002c2c00a0c88]
Event: 6.360 Thread 0x000002c2d6af9800 1090       3       java.awt.EventDispatchThread$HierarchyEventFilter::acceptEvent (225 bytes)
Event: 6.363 Thread 0x000002c2d6af9800 nmethod 1090 0x000002c2c00a1310 code [0x000002c2c00a1580, 0x000002c2c00a2848]
Event: 6.363 Thread 0x000002c2d6af9800 1091       3       sun.awt.dnd.SunDragSourceContextPeer::checkEvent (29 bytes)
Event: 6.364 Thread 0x000002c2d6af9800 nmethod 1091 0x000002c2c00a2b10 code [0x000002c2c00a2cc0, 0x000002c2c00a3198]
Event: 6.926 Thread 0x000002c2d6af9800 1092       3       java.awt.KeyboardFocusManager::checkKFMSecurity (11 bytes)
Event: 6.927 Thread 0x000002c2d6af9800 nmethod 1092 0x000002c2c00a3210 code [0x000002c2c00a3420, 0x000002c2c00a39d8]
Event: 636.450 Thread 0x000002c2d6af8000 1093       4       java.util.HashMap::put (13 bytes)
Event: 636.450 Thread 0x000002c2d6af9800 1094       3       java.beans.PropertyChangeSupport::firePropertyChange (35 bytes)
Event: 636.451 Thread 0x000002c2d6af9800 nmethod 1094 0x000002c2c00a3b90 code [0x000002c2c00a3da0, 0x000002c2c00a4568]

GC Heap History (0 events):
No events

Deoptimization events (20 events):
Event: 4.495 Thread 0x000002c2d6c11800 DEOPT PACKING pc=0x000002c2c0057e09 sp=0x000000e63a7fc7c0
Event: 4.495 Thread 0x000002c2d6c11800 DEOPT UNPACKING pc=0x000002c2bf9a964e sp=0x000000e63a7fbc60 mode 0
Event: 4.499 Thread 0x000002c2d6c11800 DEOPT PACKING pc=0x000002c2c0057e09 sp=0x000000e63a7fc7c0
Event: 4.499 Thread 0x000002c2d6c11800 DEOPT UNPACKING pc=0x000002c2bf9a964e sp=0x000000e63a7fbc60 mode 0
Event: 636.438 Thread 0x000002c2d6c11800 Uncommon trap: trap_request=0xffffffde fr.pc=0x000002c2c7466a78 relative=0x0000000000000cd8
Event: 636.438 Thread 0x000002c2d6c11800 Uncommon trap: reason=class_check action=maybe_recompile pc=0x000002c2c7466a78 method=java.util.HashMap.putVal(ILjava/lang/Object;Ljava/lang/Object;ZZ)Ljava/lang/Object; @ 203 c2
Event: 636.438 Thread 0x000002c2d6c11800 DEOPT PACKING pc=0x000002c2c7466a78 sp=0x000000e63a7fe8b0
Event: 636.438 Thread 0x000002c2d6c11800 DEOPT UNPACKING pc=0x000002c2bf9a912f sp=0x000000e63a7fe7e8 mode 2
Event: 636.439 Thread 0x000002c2d6c11800 Uncommon trap: trap_request=0xffffffde fr.pc=0x000002c2c7466a78 relative=0x0000000000000cd8
Event: 636.439 Thread 0x000002c2d6c11800 Uncommon trap: reason=class_check action=maybe_recompile pc=0x000002c2c7466a78 method=java.util.HashMap.putVal(ILjava/lang/Object;Ljava/lang/Object;ZZ)Ljava/lang/Object; @ 203 c2
Event: 636.441 Thread 0x000002c2d6c11800 DEOPT PACKING pc=0x000002c2c7466a78 sp=0x000000e63a7fe8b0
Event: 636.446 Thread 0x000002c2d6c11800 DEOPT UNPACKING pc=0x000002c2bf9a912f sp=0x000000e63a7fe7e8 mode 2
Event: 636.446 Thread 0x000002c2d6c11800 Uncommon trap: trap_request=0xffffffde fr.pc=0x000002c2c7466a78 relative=0x0000000000000cd8
Event: 636.446 Thread 0x000002c2d6c11800 Uncommon trap: reason=class_check action=maybe_recompile pc=0x000002c2c7466a78 method=java.util.HashMap.putVal(ILjava/lang/Object;Ljava/lang/Object;ZZ)Ljava/lang/Object; @ 203 c2
Event: 636.446 Thread 0x000002c2d6c11800 DEOPT PACKING pc=0x000002c2c7466a78 sp=0x000000e63a7fe8b0
Event: 636.446 Thread 0x000002c2d6c11800 DEOPT UNPACKING pc=0x000002c2bf9a912f sp=0x000000e63a7fe7e8 mode 2
Event: 636.446 Thread 0x000002c2d6c11800 Uncommon trap: trap_request=0xffffffde fr.pc=0x000002c2c7466a78 relative=0x0000000000000cd8
Event: 636.446 Thread 0x000002c2d6c11800 Uncommon trap: reason=class_check action=maybe_recompile pc=0x000002c2c7466a78 method=java.util.HashMap.putVal(ILjava/lang/Object;Ljava/lang/Object;ZZ)Ljava/lang/Object; @ 203 c2
Event: 636.446 Thread 0x000002c2d6c11800 DEOPT PACKING pc=0x000002c2c7466a78 sp=0x000000e63a7fe8b0
Event: 636.447 Thread 0x000002c2d6c11800 DEOPT UNPACKING pc=0x000002c2bf9a912f sp=0x000000e63a7fe7e8 mode 2

Classes unloaded (0 events):
No events

Classes redefined (0 events):
No events

Internal exceptions (16 events):
Event: 0.271 Thread 0x000002c2b71be000 Exception <a 'java/lang/NoSuchMethodError'{0x0000000089fa8f28}: 'void java.lang.invoke.DirectMethodHandle$Holder.invokeSpecial(java.lang.Object, java.lang.Object, java.lang.Object, java.lang.Object)'> (0x0000000089fa8f28) 
thrown [./open/src/hotspot/share/interpreter/linkResolver.cpp, line 766]
Event: 0.289 Thread 0x000002c2b71be000 Exception <a 'sun/nio/fs/WindowsException'{0x0000000089fd5ec0}> (0x0000000089fd5ec0) 
thrown [./open/src/hotspot/share/prims/jni.cpp, line 599]
Event: 0.290 Thread 0x000002c2b71be000 Exception <a 'sun/nio/fs/WindowsException'{0x0000000089fd6420}> (0x0000000089fd6420) 
thrown [./open/src/hotspot/share/prims/jni.cpp, line 599]
Event: 0.291 Thread 0x000002c2b71be000 Exception <a 'sun/nio/fs/WindowsException'{0x0000000089fd8880}> (0x0000000089fd8880) 
thrown [./open/src/hotspot/share/prims/jni.cpp, line 599]
Event: 0.342 Thread 0x000002c2b71be000 Exception <a 'java/lang/ClassNotFoundException'{0x0000000089ea2338}: sun/awt/resources/spi/awtProvider> (0x0000000089ea2338) 
thrown [./open/src/hotspot/share/classfile/systemDictionary.cpp, line 226]
Event: 0.366 Thread 0x000002c2b71be000 Exception <a 'java/io/FileNotFoundException'{0x0000000089ef1998}> (0x0000000089ef1998) 
thrown [./open/src/hotspot/share/prims/jni.cpp, line 599]
Event: 0.376 Thread 0x000002c2b71be000 Exception <a 'java/io/FileNotFoundException'{0x0000000089d182e0}> (0x0000000089d182e0) 
thrown [./open/src/hotspot/share/prims/jni.cpp, line 599]
Event: 0.436 Thread 0x000002c2d6c14000 Exception <a 'java/lang/NoSuchMethodError'{0x0000000089d7b230}: 'void java.lang.invoke.DirectMethodHandle$Holder.invokeSpecial(java.lang.Object, java.lang.Object)'> (0x0000000089d7b230) 
thrown [./open/src/hotspot/share/interpreter/linkResolver.cpp, line 766]
Event: 0.476 Thread 0x000002c2b71be000 Exception <a 'java/lang/NoSuchMethodError'{0x0000000089c48d10}: 'java.lang.Object java.lang.invoke.DirectMethodHandle$Holder.invokeStatic(java.lang.Object, int, java.lang.Object, java.lang.Object, java.lang.Object, java.lang.Object)'> (0x0000000089c48d10) 
thrown [./open/src/hotspot/share/interpreter/linkResolver.cpp, line 766]
Event: 0.477 Thread 0x000002c2b71be000 Exception <a 'java/lang/NoSuchMethodError'{0x0000000089c4f630}: 'java.lang.Object java.lang.invoke.DirectMethodHandle$Holder.invokeStatic(java.lang.Object, int, java.lang.Object, java.lang.Object, java.lang.Object)'> (0x0000000089c4f630) 
thrown [./open/src/hotspot/share/interpreter/linkResolver.cpp, line 766]
Event: 0.478 Thread 0x000002c2b71be000 Exception <a 'java/lang/NoSuchMethodError'{0x0000000089c52e80}: 'java.lang.Object java.lang.invoke.DirectMethodHandle$Holder.invokeSpecial(java.lang.Object, java.lang.Object, int, java.lang.Object, java.lang.Object, java.lang.Object)'> (0x0000000089c52e80) 
thrown [./open/src/hotspot/share/interpreter/linkResolver.cpp, line 766]
Event: 0.482 Thread 0x000002c2b71be000 Exception <a 'java/lang/NoSuchMethodError'{0x0000000089c69228}: 'java.lang.Object java.lang.invoke.DirectMethodHandle$Holder.invokeStatic(java.lang.Object, int, java.lang.Object)'> (0x0000000089c69228) 
thrown [./open/src/hotspot/share/interpreter/linkResolver.cpp, line 766]
Event: 0.507 Thread 0x000002c2b71be000 Exception <a 'java/lang/ClassNotFoundException'{0x0000000089b0da40}: com/sun/swing/internal/plaf/metal/resources/spi/metalProvider> (0x0000000089b0da40) 
thrown [./open/src/hotspot/share/classfile/systemDictionary.cpp, line 226]
Event: 0.508 Thread 0x000002c2b71be000 Exception <a 'java/lang/ClassNotFoundException'{0x0000000089b11d68}: com/sun/swing/internal/plaf/basic/resources/spi/basicProvider> (0x0000000089b11d68) 
thrown [./open/src/hotspot/share/classfile/systemDictionary.cpp, line 226]
Event: 0.623 Thread 0x000002c2b71be000 Exception <a 'java/lang/NoSuchMethodError'{0x0000000089bb1f18}: 'void java.lang.invoke.DirectMethodHandle$Holder.invokeStaticInit(java.lang.Object)'> (0x0000000089bb1f18) 
thrown [./open/src/hotspot/share/interpreter/linkResolver.cpp, line 766]
Event: 0.677 Thread 0x000002c2b71be000 Exception <a 'java/lang/NoSuchMethodError'{0x0000000089a1d328}: 'java.lang.Object java.lang.invoke.Invokers$Holder.linkToTargetMethod(java.lang.Object, int, java.lang.Object)'> (0x0000000089a1d328) 
thrown [./open/src/hotspot/share/interpreter/linkResolver.cpp, line 766]

Events (20 events):
Event: 1.195 loading class javax/swing/TimerQueue$DelayedTimer done
Event: 1.196 loading class java/util/concurrent/TimeUnit$1
Event: 1.196 loading class java/util/concurrent/TimeUnit$1 done
Event: 1.699 loading class javax/swing/Timer$1
Event: 1.699 loading class javax/swing/Timer$1 done
Event: 3.967 loading class java/awt/LightweightDispatcher$2
Event: 3.967 loading class java/awt/LightweightDispatcher$2 done
Event: 5.793 Loaded shared library C:\Program Files\Java\jdk-14.0.2\bin\java.dll
Event: 6.909 Executing VM operation: HandshakeOneThread
Event: 6.909 Executing VM operation: HandshakeOneThread done
Event: 6.909 loading class java/awt/KeyboardFocusManager$2
Event: 6.909 loading class java/awt/KeyboardFocusManager$2 done
Event: 6.909 loading class sun/awt/SunToolkit$1
Event: 6.909 loading class sun/awt/SunToolkit$1 done
Event: 636.239 Executing VM operation: HandshakeOneThread
Event: 636.239 Executing VM operation: HandshakeOneThread done
Event: 636.449 Executing VM operation: HandshakeOneThread
Event: 636.449 Executing VM operation: HandshakeOneThread done
Event: 636.450 Executing VM operation: HandshakeOneThread
Event: 636.450 Executing VM operation: HandshakeOneThread done


Dynamic libraries:
0x00007ff661410000 - 0x00007ff66141f000 	C:\Program Files\Java\jdk-14.0.2\bin\java.exe
0x00007ff820de0000 - 0x00007ff820fcd000 	C:\Windows\SYSTEM32\ntdll.dll
0x00007ff81ed30000 - 0x00007ff81ede3000 	C:\Windows\System32\KERNEL32.DLL
0x00007ff81d2d0000 - 0x00007ff81d563000 	C:\Windows\System32\KERNELBASE.dll
0x00007ff81df10000 - 0x00007ff81e00c000 	C:\Windows\System32\ucrtbase.dll
0x00007ff812980000 - 0x00007ff812995000 	C:\Program Files\Java\jdk-14.0.2\bin\VCRUNTIME140.dll
0x00007ff8106a0000 - 0x00007ff8106b8000 	C:\Program Files\Java\jdk-14.0.2\bin\jli.dll
0x00007ff820430000 - 0x00007ff8204d3000 	C:\Windows\System32\ADVAPI32.dll
0x00007ff8207e0000 - 0x00007ff82087e000 	C:\Windows\System32\msvcrt.dll
0x00007ff81e7f0000 - 0x00007ff81e88e000 	C:\Windows\System32\sechost.dll
0x00007ff81eba0000 - 0x00007ff81ecc3000 	C:\Windows\System32\RPCRT4.dll
0x00007ff820c10000 - 0x00007ff820da7000 	C:\Windows\System32\USER32.dll
0x00007ff81d020000 - 0x00007ff81d040000 	C:\Windows\System32\win32u.dll
0x00007ff81ece0000 - 0x00007ff81ed09000 	C:\Windows\System32\GDI32.dll
0x00007fffff240000 - 0x00007fffff4b9000 	C:\Windows\WinSxS\amd64_microsoft.windows.common-controls_6595b64144ccf1df_6.0.17763.168_none_05b737f6071d80ab\COMCTL32.dll
0x00007ff81d570000 - 0x00007ff81d70a000 	C:\Windows\System32\gdi32full.dll
0x00007ff8208e0000 - 0x00007ff820c0d000 	C:\Windows\System32\combase.dll
0x00007ff81cf60000 - 0x00007ff81d000000 	C:\Windows\System32\msvcp_win.dll
0x00007ff81d710000 - 0x00007ff81d78e000 	C:\Windows\System32\bcryptPrimitives.dll
0x00007ff80d5b0000 - 0x00007ff80d5ba000 	C:\Windows\SYSTEM32\VERSION.dll
0x00007ff8207b0000 - 0x00007ff8207de000 	C:\Windows\System32\IMM32.DLL
0x00007ffff4b90000 - 0x00007ffff4c2b000 	C:\Program Files\Java\jdk-14.0.2\bin\msvcp140.dll
0x00007fffcb300000 - 0x00007fffcbe1e000 	C:\Program Files\Java\jdk-14.0.2\bin\server\jvm.dll
0x00007ff81ed10000 - 0x00007ff81ed18000 	C:\Windows\System32\PSAPI.DLL
0x00007ff80da80000 - 0x00007ff80da89000 	C:\Windows\SYSTEM32\WSOCK32.dll
0x00007ff81a3b0000 - 0x00007ff81a3d4000 	C:\Windows\SYSTEM32\WINMM.dll
0x00007ff8203c0000 - 0x00007ff82042d000 	C:\Windows\System32\WS2_32.dll
0x00007ff81a380000 - 0x00007ff81a3ad000 	C:\Windows\SYSTEM32\winmmbase.dll
0x00007ff81d280000 - 0x00007ff81d2ca000 	C:\Windows\System32\cfgmgr32.dll
0x00007ff81cde0000 - 0x00007ff81cdf1000 	C:\Windows\System32\kernel.appcore.dll
0x00007ff812ce0000 - 0x00007ff812cea000 	C:\Program Files\Java\jdk-14.0.2\bin\jimage.dll
0x00007ff81b7e0000 - 0x00007ff81b9cd000 	C:\Windows\SYSTEM32\DBGHELP.DLL
0x00007ff80aa50000 - 0x00007ff80aa7a000 	C:\Windows\SYSTEM32\dbgcore.DLL
0x00007ff81cd10000 - 0x00007ff81cd3f000 	C:\Windows\SYSTEM32\SspiCli.dll
0x00007ff80a960000 - 0x00007ff80a985000 	C:\Program Files\Java\jdk-14.0.2\bin\java.dll
0x00007ff810720000 - 0x00007ff810736000 	C:\Program Files\Java\jdk-14.0.2\bin\zip.dll
0x00007ff81edf0000 - 0x00007ff8202df000 	C:\Windows\System32\SHELL32.dll
0x00007ff81e070000 - 0x00007ff81e118000 	C:\Windows\System32\shcore.dll
0x00007ff81d7c0000 - 0x00007ff81df0a000 	C:\Windows\System32\windows.storage.dll
0x00007ff81ce00000 - 0x00007ff81ce24000 	C:\Windows\System32\profapi.dll
0x00007ff81ce30000 - 0x00007ff81ce8d000 	C:\Windows\System32\powrprof.dll
0x00007ff81e010000 - 0x00007ff81e062000 	C:\Windows\System32\shlwapi.dll
0x00007ff81d000000 - 0x00007ff81d017000 	C:\Windows\System32\cryptsp.dll
0x00007ff80e640000 - 0x00007ff80e659000 	C:\Program Files\Java\jdk-14.0.2\bin\net.dll
0x00007ff817ff0000 - 0x00007ff8180e1000 	C:\Windows\SYSTEM32\WINHTTP.dll
0x00007ff81c670000 - 0x00007ff81c6d7000 	C:\Windows\system32\mswsock.dll
0x00007ff8044a0000 - 0x00007ff8044b2000 	C:\Program Files\Java\jdk-14.0.2\bin\nio.dll
0x00007fffeff70000 - 0x00007ffff0109000 	C:\Program Files\Java\jdk-14.0.2\bin\awt.dll
0x00007ff820500000 - 0x00007ff8205cb000 	C:\Windows\System32\OLEAUT32.dll
0x00007ff81aa00000 - 0x00007ff81aa8c000 	C:\Windows\SYSTEM32\apphelp.dll
0x00007ff81ad80000 - 0x00007ff81adae000 	C:\Windows\system32\DWMAPI.DLL
0x00007ff81d040000 - 0x00007ff81d21b000 	C:\Windows\System32\CRYPT32.dll
0x00007ff81ce90000 - 0x00007ff81cea2000 	C:\Windows\System32\MSASN1.dll
0x00007ff81acc0000 - 0x00007ff81ad5c000 	C:\Windows\system32\uxtheme.dll
0x00007ffffce80000 - 0x00007ffffcfa7000 	C:\Windows\system32\opengl32.dll
0x00007ff8002d0000 - 0x00007ff8002fc000 	C:\Windows\SYSTEM32\GLU32.dll
0x00007ff81e680000 - 0x00007ff81e7ea000 	C:\Windows\System32\MSCTF.dll
0x00007ff81ea40000 - 0x00007ff81eb95000 	C:\Windows\System32\ole32.dll
0x00007ffff6ea0000 - 0x00007ffff6f22000 	C:\Program Files\Java\jdk-14.0.2\bin\freetype.dll
0x00007ffff1ca0000 - 0x00007ffff1d46000 	C:\Program Files\Java\jdk-14.0.2\bin\fontmanager.dll
0x00007ff8205d0000 - 0x00007ff820672000 	C:\Windows\System32\clbcatq.dll
0x00007ff8180f0000 - 0x00007ff8182a8000 	C:\Windows\SYSTEM32\WindowsCodecs.dll
0x00007ff801960000 - 0x00007ff8019b6000 	C:\Windows\system32\dataexchange.dll
0x00007ff819f30000 - 0x00007ff81a1ae000 	C:\Windows\system32\d3d11.dll
0x00007ff81a1b0000 - 0x00007ff81a373000 	C:\Windows\system32\dcomp.dll
0x00007ff81bb70000 - 0x00007ff81bc32000 	C:\Windows\system32\dxgi.dll
0x00007ff81ae60000 - 0x00007ff81b06d000 	C:\Windows\system32\twinapi.appcore.dll
0x00007ff81b070000 - 0x00007ff81b098000 	C:\Windows\system32\RMCLIENT.dll
0x00007ff80d240000 - 0x00007ff80d2d5000 	C:\Windows\System32\TextInputFramework.dll
0x00007ff81a750000 - 0x00007ff81a832000 	C:\Windows\System32\CoreMessaging.dll
0x00007ff818610000 - 0x00007ff818932000 	C:\Windows\System32\CoreUIComponents.dll
0x00007ff81bfc0000 - 0x00007ff81bff1000 	C:\Windows\SYSTEM32\ntmarta.dll
0x00007ff8184b0000 - 0x00007ff818603000 	C:\Windows\SYSTEM32\wintypes.dll

dbghelp: loaded successfully - version: 4.0.5 - missing functions: none
symbol engine: initialized successfully - sym options: 0x614 - pdb path: .;C:\Program Files\Java\jdk-14.0.2\bin;C:\Windows\SYSTEM32;C:\Windows\WinSxS\amd64_microsoft.windows.common-controls_6595b64144ccf1df_6.0.17763.168_none_05b737f6071d80ab;C:\Program Files\Java\jdk-14.0.2\bin\server

VM Arguments:
jvm_args: -Dfile.encoding=UTF-8 --module-path=C:\Users\ASUS\Documents\NetBeansProjects\FeeManagementSystem\build\classes 
java_command: feemanagementsystem.NewStudentForm
java_class_path (initial): C:\Users\ASUS\Documents\NetBeansProjects\FeeManagementSystem\build\classes
Launcher Type: SUN_STANDARD

[Global flags]
     intx CICompilerCount                          = 4                                         {product} {ergonomic}
     uint ConcGCThreads                            = 2                                         {product} {ergonomic}
     uint G1ConcRefinementThreads                  = 8                                         {product} {ergonomic}
   size_t G1HeapRegionSize                         = 1048576                                   {product} {ergonomic}
    uintx GCDrainStackTargetSize                   = 64                                        {product} {ergonomic}
   size_t InitialHeapSize                          = 132120576                                 {product} {ergonomic}
   size_t MarkStackSize                            = 4194304                                   {product} {ergonomic}
   size_t MaxHeapSize                              = 2111832064                                {product} {ergonomic}
   size_t MaxNewSize                               = 1266679808                                {product} {ergonomic}
   size_t MinHeapDeltaBytes                        = 1048576                                   {product} {ergonomic}
   size_t MinHeapSize                              = 8388608                                   {product} {ergonomic}
    uintx NonNMethodCodeHeapSize                   = 5839372                                {pd product} {ergonomic}
    uintx NonProfiledCodeHeapSize                  = 122909434                              {pd product} {ergonomic}
    uintx ProfiledCodeHeapSize                     = 122909434                              {pd product} {ergonomic}
    uintx ReservedCodeCacheSize                    = 251658240                              {pd product} {ergonomic}
     bool SegmentedCodeCache                       = true                                      {product} {ergonomic}
   size_t SoftMaxHeapSize                          = 2111832064                             {manageable} {ergonomic}
     bool UseCompressedClassPointers               = true                                 {lp64_product} {ergonomic}
     bool UseCompressedOops                        = true                                 {lp64_product} {ergonomic}
     bool UseG1GC                                  = true                                      {product} {ergonomic}
     bool UseLargePagesIndividualAllocation        = false                                  {pd product} {ergonomic}

Logging:
Log output configuration:
 #0: stdout all=warning uptime,level,tags
 #1: stderr all=off uptime,level,tags

Environment Variables:
CLASSPATH="C:\Program Files\Java\mysql-connector-java-8.0.23.tar.gz;.;";
PATH=C:\Program Files (x86)\Common Files\Oracle\Java\javapath;C:\Program Files (x86)\Intel\iCLS Client\;C:\Program Files\Intel\iCLS Client\;C:\Windows\system32;C:\Windows;C:\Windows\System32\Wbem;C:\Windows\System32\WindowsPowerShell\v1.0\;C:\Windows\System32\OpenSSH\;C:\Program Files (x86)\Intel\Intel(R) Management Engine Components\DAL;C:\Program Files\Intel\Intel(R) Management Engine Components\DAL;C:\Program Files (x86)\Intel\Intel(R) Management Engine Components\IPT;C:\Program Files\Intel\Intel(R) Management Engine Components\IPT;C:\Program Files\Intel\WiFi\bin\;C:\Program Files\Common Files\Intel\WirelessCommon\;C:\Program Files\MySQL\MySQL Shell 8.0\bin\;C:\Users\ASUS\AppData\Local\Microsoft\WindowsApps
OS=Windows_NT
PROCESSOR_IDENTIFIER=Intel64 Family 6 Model 142 Stepping 10, GenuineIntel



---------------  S Y S T E M  ---------------

OS: Windows 10 , 64 bit Build 17763 (10.0.17763.1)
OS uptime: 0 days 19:43 hours

CPU:total 8 (initial active 8) (4 cores per cpu, 2 threads per core) family 6 model 142 stepping 10, cmov, cx8, fxsr, mmx, sse, sse2, sse3, ssse3, sse4.1, sse4.2, popcnt, avx, avx2, aes, clmul, erms, 3dnowpref, lzcnt, ht, tsc, tscinvbit, bmi1, bmi2, adx, fma

Memory: 4k page, system-wide physical 8052M (890M free)
TotalPageFile size 32628M (AvailPageFile size 0M)
current process WorkingSet (physical memory assigned to process): 70M, peak: 70M
current process commit charge ("private bytes"): 228M, peak: 229M

vm_info: Java HotSpot(TM) 64-Bit Server VM (14.0.2+12-46) for windows-amd64 JRE (14.0.2+12-46), built on Jul  9 2020 00:35:52 by "mach5one" with MS VC++ 15.9 (VS2017)

END.
