#
# There is insufficient memory for the Java Runtime Environment to continue.
# Native memory allocation (malloc) failed to allocate 32744 bytes for ChunkPool::allocate
# Possible reasons:
#   The system is out of physical RAM or swap space
#   The process is running with CompressedOops enabled, and the Java Heap may be blocking the growth of the native heap
# Possible solutions:
#   Reduce memory load on the system
#   Increase physical memory or swap space
#   Check if swap backing store is full
#   Decrease Java heap size (-Xmx/-Xms)
#   Decrease number of Java threads
#   Decrease Java thread stack sizes (-Xss)
#   Set larger code cache with -XX:ReservedCodeCacheSize=
#   JVM is running with Unscaled Compressed Oops mode in which the Java heap is
#     placed in the first 4GB address space. The Java Heap base address is the
#     maximum limit for the native heap growth. Please use -XX:HeapBaseMinAddress
#     to set the Java Heap base and to place the Java Heap above 4GB virtual address.
# This output file may be truncated or incomplete.
#
#  Out of Memory Error (./open/src/hotspot/share/memory/arena.cpp:79), pid=11436, tid=19332
#
# JRE version: Java(TM) SE Runtime Environment (14.0.2+12) (build 14.0.2+12-46)
# Java VM: Java HotSpot(TM) 64-Bit Server VM (14.0.2+12-46, mixed mode, sharing, tiered, compressed oops, g1 gc, windows-amd64)
# No core dump will be written. Minidumps are not enabled by default on client versions of Windows
#

---------------  S U M M A R Y ------------

Command Line: -Dfile.encoding=UTF-8 --module-path=C:\Users\ASUS\Documents\NetBeansProjects\FeeManagementSystem\build\classes feemanagementsystem.NewStudentForm

Host: Intel(R) Core(TM) i5-8250U CPU @ 1.60GHz, 8 cores, 7G,  Windows 10 , 64 bit Build 17763 (10.0.17763.1)
Time: Sat Jan 30 13:05:08 2021 India Standard Time elapsed time: 2186 seconds (0d 0h 36m 26s)

---------------  T H R E A D  ---------------

Current thread (0x000001b86bea2000):  JavaThread "C1 CompilerThread0" daemon [_thread_in_native, id=19332, stack(0x0000002bde000000,0x0000002bde100000)]


Current CompileTask:
C1:2186036 1025       3       jdk.internal.org.objectweb.asm.MethodWriter::visitFieldInsn (258 bytes)

Stack: [0x0000002bde000000,0x0000002bde100000]
Native frames: (J=compiled Java code, j=interpreted, Vv=VM code, C=native code)
V  [jvm.dll+0x5f8a9a]
V  [jvm.dll+0x74247a]
V  [jvm.dll+0x743c2f]
V  [jvm.dll+0x744273]
V  [jvm.dll+0x20d288]
V  [jvm.dll+0xabea6]
V  [jvm.dll+0xac1fc]
V  [jvm.dll+0x12f4d9]
V  [jvm.dll+0x12e297]
V  [jvm.dll+0x11709d]
V  [jvm.dll+0x117340]
V  [jvm.dll+0x1175ff]
V  [jvm.dll+0x116884]
V  [jvm.dll+0x1187d7]
V  [jvm.dll+0x1f4105]
V  [jvm.dll+0x1f22eb]
V  [jvm.dll+0x7070cd]
V  [jvm.dll+0x6ffeda]
V  [jvm.dll+0x5f78f6]
C  [ucrtbase.dll+0x203ba]
C  [KERNEL32.DLL+0x17e94]
C  [ntdll.dll+0x31af1]


---------------  P R O C E S S  ---------------

Threads class SMR info:
_java_thread_list=0x000001b86d03c770, length=16, elements={
0x000001b86be81000, 0x000001b86be82000, 0x000001b86be98800, 0x000001b86be9b800,
0x000001b86be9c800, 0x000001b86be9f000, 0x000001b86bea2000, 0x000001b86bea3800,
0x000001b86be66000, 0x000001b86c985000, 0x000001b86c9fa000, 0x000001b86cb9f800,
0x000001b86cba4000, 0x000001b86ceb8000, 0x000001b84cea5000, 0x000001b86d050800
}

Java Threads: ( => current thread )
  0x000001b86be81000 JavaThread "Reference Handler" daemon [_thread_blocked, id=8996, stack(0x0000002bdda00000,0x0000002bddb00000)]
  0x000001b86be82000 JavaThread "Finalizer" daemon [_thread_blocked, id=3968, stack(0x0000002bddb00000,0x0000002bddc00000)]
  0x000001b86be98800 JavaThread "Signal Dispatcher" daemon [_thread_blocked, id=23712, stack(0x0000002bddc00000,0x0000002bddd00000)]
  0x000001b86be9b800 JavaThread "Attach Listener" daemon [_thread_blocked, id=12100, stack(0x0000002bddd00000,0x0000002bdde00000)]
  0x000001b86be9c800 JavaThread "Service Thread" daemon [_thread_blocked, id=22808, stack(0x0000002bdde00000,0x0000002bddf00000)]
  0x000001b86be9f000 JavaThread "C2 CompilerThread0" daemon [_thread_in_native, id=10876, stack(0x0000002bddf00000,0x0000002bde000000)]
=>0x000001b86bea2000 JavaThread "C1 CompilerThread0" daemon [_thread_in_native, id=19332, stack(0x0000002bde000000,0x0000002bde100000)]
  0x000001b86bea3800 JavaThread "Sweeper thread" daemon [_thread_blocked, id=21696, stack(0x0000002bde100000,0x0000002bde200000)]
  0x000001b86be66000 JavaThread "Common-Cleaner" daemon [_thread_blocked, id=17436, stack(0x0000002bde200000,0x0000002bde300000)]
  0x000001b86c985000 JavaThread "Notification Thread" daemon [_thread_blocked, id=24140, stack(0x0000002bde400000,0x0000002bde500000)]
  0x000001b86c9fa000 JavaThread "Java2D Disposer" daemon [_thread_blocked, id=23220, stack(0x0000002bde600000,0x0000002bde700000)]
  0x000001b86cb9f800 JavaThread "AWT-Shutdown" [_thread_blocked, id=13888, stack(0x0000002bde700000,0x0000002bde800000)]
  0x000001b86cba4000 JavaThread "AWT-Windows" daemon [_thread_in_Java, id=11384, stack(0x0000002bde800000,0x0000002bde900000)]
  0x000001b86ceb8000 JavaThread "AWT-EventQueue-0" [_thread_blocked, id=17996, stack(0x0000002bde900000,0x0000002bdea00000)]
  0x000001b84cea5000 JavaThread "DestroyJavaVM" [_thread_blocked, id=17752, stack(0x0000002bdd300000,0x0000002bdd400000)]
  0x000001b86d050800 JavaThread "TimerQueue" daemon [_thread_blocked, id=23672, stack(0x0000002bde300000,0x0000002bde400000)]

Other Threads:
  0x000001b86be7e800 VMThread "VM Thread" [stack: 0x0000002bdd900000,0x0000002bdda00000] [id=24244]
  0x000001b86c986000 WatcherThread [stack: 0x0000002bde500000,0x0000002bde600000] [id=23924]
  0x000001b84cee8800 GCTaskThread "GC Thread#0" [stack: 0x0000002bdd400000,0x0000002bdd500000] [id=2944]
  0x000001b84cef9800 ConcurrentGCThread "G1 Main Marker" [stack: 0x0000002bdd500000,0x0000002bdd600000] [id=18580]
  0x000001b84cefa800 ConcurrentGCThread "G1 Conc#0" [stack: 0x0000002bdd600000,0x0000002bdd700000] [id=17932]
  0x000001b86bce9800 ConcurrentGCThread "G1 Refine#0" [stack: 0x0000002bdd700000,0x0000002bdd800000] [id=17948]
  0x000001b86bceb000 ConcurrentGCThread "G1 Young RemSet Sampling" [stack: 0x0000002bdd800000,0x0000002bdd900000] [id=18520]

Threads with active compile tasks:
C2 CompilerThread0  2186167 1028       4       jdk.internal.org.objectweb.asm.Symbol::<init> (38 bytes)
C1 CompilerThread0  2186167 1025       3       jdk.internal.org.objectweb.asm.MethodWriter::visitFieldInsn (258 bytes)

VM state:not at safepoint (normal execution)

VM Mutex/Monitor currently owned by a thread: None

Heap address: 0x0000000082200000, size: 2014 MB, Compressed Oops mode: 32-bit
Narrow klass base: 0x0000000800000000, Narrow klass shift: 3
Compressed class space size: 1073741824 Address: 0x0000000800b30000

Heap:
 garbage-first heap   total 129024K, used 11264K [0x0000000082200000, 0x0000000100000000)
  region size 1024K, 7 young (7168K), 0 survivors (0K)
 Metaspace       used 9516K, capacity 9781K, committed 10112K, reserved 1058816K
  class space    used 1156K, capacity 1286K, committed 1408K, reserved 1048576K
Heap Regions: E=young(eden), S=young(survivor), O=old, HS=humongous(starts), HC=humongous(continues), CS=collection set, F=free, OA=open archive, CA=closed archive, TAMS=top-at-mark-start (previous, next)
|   0|0x0000000082200000, 0x0000000082300000, 0x0000000082300000|100%|HS|  |TAMS 0x0000000082200000, 0x0000000082200000| Complete 
|   1|0x0000000082300000, 0x0000000082400000, 0x0000000082400000|100%|HC|  |TAMS 0x0000000082300000, 0x0000000082300000| Complete 
|   2|0x0000000082400000, 0x0000000082500000, 0x0000000082500000|100%|HC|  |TAMS 0x0000000082400000, 0x0000000082400000| Complete 
|   3|0x0000000082500000, 0x0000000082600000, 0x0000000082600000|100%|HC|  |TAMS 0x0000000082500000, 0x0000000082500000| Complete 
|   4|0x0000000082600000, 0x0000000082700000, 0x0000000082700000|100%|HC|  |TAMS 0x0000000082600000, 0x0000000082600000| Complete 
|   5|0x0000000082700000, 0x0000000082700000, 0x0000000082800000|  0%| F|  |TAMS 0x0000000082700000, 0x0000000082700000| Untracked 
|   6|0x0000000082800000, 0x0000000082800000, 0x0000000082900000|  0%| F|  |TAMS 0x0000000082800000, 0x0000000082800000| Untracked 
|   7|0x0000000082900000, 0x0000000082900000, 0x0000000082a00000|  0%| F|  |TAMS 0x0000000082900000, 0x0000000082900000| Untracked 
|   8|0x0000000082a00000, 0x0000000082a00000, 0x0000000082b00000|  0%| F|  |TAMS 0x0000000082a00000, 0x0000000082a00000| Untracked 
|   9|0x0000000082b00000, 0x0000000082b00000, 0x0000000082c00000|  0%| F|  |TAMS 0x0000000082b00000, 0x0000000082b00000| Untracked 
|  10|0x0000000082c00000, 0x0000000082c00000, 0x0000000082d00000|  0%| F|  |TAMS 0x0000000082c00000, 0x0000000082c00000| Untracked 
|  11|0x0000000082d00000, 0x0000000082d00000, 0x0000000082e00000|  0%| F|  |TAMS 0x0000000082d00000, 0x0000000082d00000| Untracked 
|  12|0x0000000082e00000, 0x0000000082e00000, 0x0000000082f00000|  0%| F|  |TAMS 0x0000000082e00000, 0x0000000082e00000| Untracked 
|  13|0x0000000082f00000, 0x0000000082f00000, 0x0000000083000000|  0%| F|  |TAMS 0x0000000082f00000, 0x0000000082f00000| Untracked 
|  14|0x0000000083000000, 0x0000000083000000, 0x0000000083100000|  0%| F|  |TAMS 0x0000000083000000, 0x0000000083000000| Untracked 
|  15|0x0000000083100000, 0x0000000083100000, 0x0000000083200000|  0%| F|  |TAMS 0x0000000083100000, 0x0000000083100000| Untracked 
|  16|0x0000000083200000, 0x0000000083200000, 0x0000000083300000|  0%| F|  |TAMS 0x0000000083200000, 0x0000000083200000| Untracked 
|  17|0x0000000083300000, 0x0000000083300000, 0x0000000083400000|  0%| F|  |TAMS 0x0000000083300000, 0x0000000083300000| Untracked 
|  18|0x0000000083400000, 0x0000000083400000, 0x0000000083500000|  0%| F|  |TAMS 0x0000000083400000, 0x0000000083400000| Untracked 
|  19|0x0000000083500000, 0x0000000083500000, 0x0000000083600000|  0%| F|  |TAMS 0x0000000083500000, 0x0000000083500000| Untracked 
|  20|0x0000000083600000, 0x0000000083600000, 0x0000000083700000|  0%| F|  |TAMS 0x0000000083600000, 0x0000000083600000| Untracked 
|  21|0x0000000083700000, 0x0000000083700000, 0x0000000083800000|  0%| F|  |TAMS 0x0000000083700000, 0x0000000083700000| Untracked 
|  22|0x0000000083800000, 0x0000000083800000, 0x0000000083900000|  0%| F|  |TAMS 0x0000000083800000, 0x0000000083800000| Untracked 
|  23|0x0000000083900000, 0x0000000083900000, 0x0000000083a00000|  0%| F|  |TAMS 0x0000000083900000, 0x0000000083900000| Untracked 
|  24|0x0000000083a00000, 0x0000000083a00000, 0x0000000083b00000|  0%| F|  |TAMS 0x0000000083a00000, 0x0000000083a00000| Untracked 
|  25|0x0000000083b00000, 0x0000000083b00000, 0x0000000083c00000|  0%| F|  |TAMS 0x0000000083b00000, 0x0000000083b00000| Untracked 
|  26|0x0000000083c00000, 0x0000000083c00000, 0x0000000083d00000|  0%| F|  |TAMS 0x0000000083c00000, 0x0000000083c00000| Untracked 
|  27|0x0000000083d00000, 0x0000000083d00000, 0x0000000083e00000|  0%| F|  |TAMS 0x0000000083d00000, 0x0000000083d00000| Untracked 
|  28|0x0000000083e00000, 0x0000000083e00000, 0x0000000083f00000|  0%| F|  |TAMS 0x0000000083e00000, 0x0000000083e00000| Untracked 
|  29|0x0000000083f00000, 0x0000000083f00000, 0x0000000084000000|  0%| F|  |TAMS 0x0000000083f00000, 0x0000000083f00000| Untracked 
|  30|0x0000000084000000, 0x0000000084000000, 0x0000000084100000|  0%| F|  |TAMS 0x0000000084000000, 0x0000000084000000| Untracked 
|  31|0x0000000084100000, 0x0000000084100000, 0x0000000084200000|  0%| F|  |TAMS 0x0000000084100000, 0x0000000084100000| Untracked 
|  32|0x0000000084200000, 0x0000000084200000, 0x0000000084300000|  0%| F|  |TAMS 0x0000000084200000, 0x0000000084200000| Untracked 
|  33|0x0000000084300000, 0x0000000084300000, 0x0000000084400000|  0%| F|  |TAMS 0x0000000084300000, 0x0000000084300000| Untracked 
|  34|0x0000000084400000, 0x0000000084400000, 0x0000000084500000|  0%| F|  |TAMS 0x0000000084400000, 0x0000000084400000| Untracked 
|  35|0x0000000084500000, 0x0000000084500000, 0x0000000084600000|  0%| F|  |TAMS 0x0000000084500000, 0x0000000084500000| Untracked 
|  36|0x0000000084600000, 0x0000000084600000, 0x0000000084700000|  0%| F|  |TAMS 0x0000000084600000, 0x0000000084600000| Untracked 
|  37|0x0000000084700000, 0x0000000084700000, 0x0000000084800000|  0%| F|  |TAMS 0x0000000084700000, 0x0000000084700000| Untracked 
|  38|0x0000000084800000, 0x0000000084800000, 0x0000000084900000|  0%| F|  |TAMS 0x0000000084800000, 0x0000000084800000| Untracked 
|  39|0x0000000084900000, 0x0000000084900000, 0x0000000084a00000|  0%| F|  |TAMS 0x0000000084900000, 0x0000000084900000| Untracked 
|  40|0x0000000084a00000, 0x0000000084a00000, 0x0000000084b00000|  0%| F|  |TAMS 0x0000000084a00000, 0x0000000084a00000| Untracked 
|  41|0x0000000084b00000, 0x0000000084b00000, 0x0000000084c00000|  0%| F|  |TAMS 0x0000000084b00000, 0x0000000084b00000| Untracked 
|  42|0x0000000084c00000, 0x0000000084c00000, 0x0000000084d00000|  0%| F|  |TAMS 0x0000000084c00000, 0x0000000084c00000| Untracked 
|  43|0x0000000084d00000, 0x0000000084d00000, 0x0000000084e00000|  0%| F|  |TAMS 0x0000000084d00000, 0x0000000084d00000| Untracked 
|  44|0x0000000084e00000, 0x0000000084e00000, 0x0000000084f00000|  0%| F|  |TAMS 0x0000000084e00000, 0x0000000084e00000| Untracked 
|  45|0x0000000084f00000, 0x0000000084f00000, 0x0000000085000000|  0%| F|  |TAMS 0x0000000084f00000, 0x0000000084f00000| Untracked 
|  46|0x0000000085000000, 0x0000000085000000, 0x0000000085100000|  0%| F|  |TAMS 0x0000000085000000, 0x0000000085000000| Untracked 
|  47|0x0000000085100000, 0x0000000085100000, 0x0000000085200000|  0%| F|  |TAMS 0x0000000085100000, 0x0000000085100000| Untracked 
|  48|0x0000000085200000, 0x0000000085200000, 0x0000000085300000|  0%| F|  |TAMS 0x0000000085200000, 0x0000000085200000| Untracked 
|  49|0x0000000085300000, 0x0000000085300000, 0x0000000085400000|  0%| F|  |TAMS 0x0000000085300000, 0x0000000085300000| Untracked 
|  50|0x0000000085400000, 0x0000000085400000, 0x0000000085500000|  0%| F|  |TAMS 0x0000000085400000, 0x0000000085400000| Untracked 
|  51|0x0000000085500000, 0x0000000085500000, 0x0000000085600000|  0%| F|  |TAMS 0x0000000085500000, 0x0000000085500000| Untracked 
|  52|0x0000000085600000, 0x0000000085600000, 0x0000000085700000|  0%| F|  |TAMS 0x0000000085600000, 0x0000000085600000| Untracked 
|  53|0x0000000085700000, 0x0000000085700000, 0x0000000085800000|  0%| F|  |TAMS 0x0000000085700000, 0x0000000085700000| Untracked 
|  54|0x0000000085800000, 0x0000000085800000, 0x0000000085900000|  0%| F|  |TAMS 0x0000000085800000, 0x0000000085800000| Untracked 
|  55|0x0000000085900000, 0x0000000085900000, 0x0000000085a00000|  0%| F|  |TAMS 0x0000000085900000, 0x0000000085900000| Untracked 
|  56|0x0000000085a00000, 0x0000000085a00000, 0x0000000085b00000|  0%| F|  |TAMS 0x0000000085a00000, 0x0000000085a00000| Untracked 
|  57|0x0000000085b00000, 0x0000000085b00000, 0x0000000085c00000|  0%| F|  |TAMS 0x0000000085b00000, 0x0000000085b00000| Untracked 
|  58|0x0000000085c00000, 0x0000000085c00000, 0x0000000085d00000|  0%| F|  |TAMS 0x0000000085c00000, 0x0000000085c00000| Untracked 
|  59|0x0000000085d00000, 0x0000000085d00000, 0x0000000085e00000|  0%| F|  |TAMS 0x0000000085d00000, 0x0000000085d00000| Untracked 
|  60|0x0000000085e00000, 0x0000000085e00000, 0x0000000085f00000|  0%| F|  |TAMS 0x0000000085e00000, 0x0000000085e00000| Untracked 
|  61|0x0000000085f00000, 0x0000000085f00000, 0x0000000086000000|  0%| F|  |TAMS 0x0000000085f00000, 0x0000000085f00000| Untracked 
|  62|0x0000000086000000, 0x0000000086000000, 0x0000000086100000|  0%| F|  |TAMS 0x0000000086000000, 0x0000000086000000| Untracked 
|  63|0x0000000086100000, 0x0000000086100000, 0x0000000086200000|  0%| F|  |TAMS 0x0000000086100000, 0x0000000086100000| Untracked 
|  64|0x0000000086200000, 0x0000000086200000, 0x0000000086300000|  0%| F|  |TAMS 0x0000000086200000, 0x0000000086200000| Untracked 
|  65|0x0000000086300000, 0x0000000086300000, 0x0000000086400000|  0%| F|  |TAMS 0x0000000086300000, 0x0000000086300000| Untracked 
|  66|0x0000000086400000, 0x0000000086400000, 0x0000000086500000|  0%| F|  |TAMS 0x0000000086400000, 0x0000000086400000| Untracked 
|  67|0x0000000086500000, 0x0000000086500000, 0x0000000086600000|  0%| F|  |TAMS 0x0000000086500000, 0x0000000086500000| Untracked 
|  68|0x0000000086600000, 0x0000000086600000, 0x0000000086700000|  0%| F|  |TAMS 0x0000000086600000, 0x0000000086600000| Untracked 
|  69|0x0000000086700000, 0x0000000086700000, 0x0000000086800000|  0%| F|  |TAMS 0x0000000086700000, 0x0000000086700000| Untracked 
|  70|0x0000000086800000, 0x0000000086800000, 0x0000000086900000|  0%| F|  |TAMS 0x0000000086800000, 0x0000000086800000| Untracked 
|  71|0x0000000086900000, 0x0000000086900000, 0x0000000086a00000|  0%| F|  |TAMS 0x0000000086900000, 0x0000000086900000| Untracked 
|  72|0x0000000086a00000, 0x0000000086a00000, 0x0000000086b00000|  0%| F|  |TAMS 0x0000000086a00000, 0x0000000086a00000| Untracked 
|  73|0x0000000086b00000, 0x0000000086b00000, 0x0000000086c00000|  0%| F|  |TAMS 0x0000000086b00000, 0x0000000086b00000| Untracked 
|  74|0x0000000086c00000, 0x0000000086c00000, 0x0000000086d00000|  0%| F|  |TAMS 0x0000000086c00000, 0x0000000086c00000| Untracked 
|  75|0x0000000086d00000, 0x0000000086d00000, 0x0000000086e00000|  0%| F|  |TAMS 0x0000000086d00000, 0x0000000086d00000| Untracked 
|  76|0x0000000086e00000, 0x0000000086e00000, 0x0000000086f00000|  0%| F|  |TAMS 0x0000000086e00000, 0x0000000086e00000| Untracked 
|  77|0x0000000086f00000, 0x0000000086f00000, 0x0000000087000000|  0%| F|  |TAMS 0x0000000086f00000, 0x0000000086f00000| Untracked 
|  78|0x0000000087000000, 0x0000000087000000, 0x0000000087100000|  0%| F|  |TAMS 0x0000000087000000, 0x0000000087000000| Untracked 
|  79|0x0000000087100000, 0x0000000087100000, 0x0000000087200000|  0%| F|  |TAMS 0x0000000087100000, 0x0000000087100000| Untracked 
|  80|0x0000000087200000, 0x0000000087200000, 0x0000000087300000|  0%| F|  |TAMS 0x0000000087200000, 0x0000000087200000| Untracked 
|  81|0x0000000087300000, 0x0000000087300000, 0x0000000087400000|  0%| F|  |TAMS 0x0000000087300000, 0x0000000087300000| Untracked 
|  82|0x0000000087400000, 0x0000000087400000, 0x0000000087500000|  0%| F|  |TAMS 0x0000000087400000, 0x0000000087400000| Untracked 
|  83|0x0000000087500000, 0x0000000087500000, 0x0000000087600000|  0%| F|  |TAMS 0x0000000087500000, 0x0000000087500000| Untracked 
|  84|0x0000000087600000, 0x0000000087600000, 0x0000000087700000|  0%| F|  |TAMS 0x0000000087600000, 0x0000000087600000| Untracked 
|  85|0x0000000087700000, 0x0000000087700000, 0x0000000087800000|  0%| F|  |TAMS 0x0000000087700000, 0x0000000087700000| Untracked 
|  86|0x0000000087800000, 0x0000000087800000, 0x0000000087900000|  0%| F|  |TAMS 0x0000000087800000, 0x0000000087800000| Untracked 
|  87|0x0000000087900000, 0x0000000087900000, 0x0000000087a00000|  0%| F|  |TAMS 0x0000000087900000, 0x0000000087900000| Untracked 
|  88|0x0000000087a00000, 0x0000000087a00000, 0x0000000087b00000|  0%| F|  |TAMS 0x0000000087a00000, 0x0000000087a00000| Untracked 
|  89|0x0000000087b00000, 0x0000000087b00000, 0x0000000087c00000|  0%| F|  |TAMS 0x0000000087b00000, 0x0000000087b00000| Untracked 
|  90|0x0000000087c00000, 0x0000000087c00000, 0x0000000087d00000|  0%| F|  |TAMS 0x0000000087c00000, 0x0000000087c00000| Untracked 
|  91|0x0000000087d00000, 0x0000000087d00000, 0x0000000087e00000|  0%| F|  |TAMS 0x0000000087d00000, 0x0000000087d00000| Untracked 
|  92|0x0000000087e00000, 0x0000000087e00000, 0x0000000087f00000|  0%| F|  |TAMS 0x0000000087e00000, 0x0000000087e00000| Untracked 
|  93|0x0000000087f00000, 0x0000000087f00000, 0x0000000088000000|  0%| F|  |TAMS 0x0000000087f00000, 0x0000000087f00000| Untracked 
|  94|0x0000000088000000, 0x0000000088000000, 0x0000000088100000|  0%| F|  |TAMS 0x0000000088000000, 0x0000000088000000| Untracked 
|  95|0x0000000088100000, 0x0000000088100000, 0x0000000088200000|  0%| F|  |TAMS 0x0000000088100000, 0x0000000088100000| Untracked 
|  96|0x0000000088200000, 0x0000000088200000, 0x0000000088300000|  0%| F|  |TAMS 0x0000000088200000, 0x0000000088200000| Untracked 
|  97|0x0000000088300000, 0x0000000088300000, 0x0000000088400000|  0%| F|  |TAMS 0x0000000088300000, 0x0000000088300000| Untracked 
|  98|0x0000000088400000, 0x0000000088400000, 0x0000000088500000|  0%| F|  |TAMS 0x0000000088400000, 0x0000000088400000| Untracked 
|  99|0x0000000088500000, 0x0000000088500000, 0x0000000088600000|  0%| F|  |TAMS 0x0000000088500000, 0x0000000088500000| Untracked 
| 100|0x0000000088600000, 0x0000000088600000, 0x0000000088700000|  0%| F|  |TAMS 0x0000000088600000, 0x0000000088600000| Untracked 
| 101|0x0000000088700000, 0x0000000088700000, 0x0000000088800000|  0%| F|  |TAMS 0x0000000088700000, 0x0000000088700000| Untracked 
| 102|0x0000000088800000, 0x0000000088800000, 0x0000000088900000|  0%| F|  |TAMS 0x0000000088800000, 0x0000000088800000| Untracked 
| 103|0x0000000088900000, 0x0000000088900000, 0x0000000088a00000|  0%| F|  |TAMS 0x0000000088900000, 0x0000000088900000| Untracked 
| 104|0x0000000088a00000, 0x0000000088a00000, 0x0000000088b00000|  0%| F|  |TAMS 0x0000000088a00000, 0x0000000088a00000| Untracked 
| 105|0x0000000088b00000, 0x0000000088b00000, 0x0000000088c00000|  0%| F|  |TAMS 0x0000000088b00000, 0x0000000088b00000| Untracked 
| 106|0x0000000088c00000, 0x0000000088c00000, 0x0000000088d00000|  0%| F|  |TAMS 0x0000000088c00000, 0x0000000088c00000| Untracked 
| 107|0x0000000088d00000, 0x0000000088d00000, 0x0000000088e00000|  0%| F|  |TAMS 0x0000000088d00000, 0x0000000088d00000| Untracked 
| 108|0x0000000088e00000, 0x0000000088e00000, 0x0000000088f00000|  0%| F|  |TAMS 0x0000000088e00000, 0x0000000088e00000| Untracked 
| 109|0x0000000088f00000, 0x0000000088f00000, 0x0000000089000000|  0%| F|  |TAMS 0x0000000088f00000, 0x0000000088f00000| Untracked 
| 110|0x0000000089000000, 0x0000000089000000, 0x0000000089100000|  0%| F|  |TAMS 0x0000000089000000, 0x0000000089000000| Untracked 
| 111|0x0000000089100000, 0x0000000089100000, 0x0000000089200000|  0%| F|  |TAMS 0x0000000089100000, 0x0000000089100000| Untracked 
| 112|0x0000000089200000, 0x0000000089200000, 0x0000000089300000|  0%| F|  |TAMS 0x0000000089200000, 0x0000000089200000| Untracked 
| 113|0x0000000089300000, 0x0000000089300000, 0x0000000089400000|  0%| F|  |TAMS 0x0000000089300000, 0x0000000089300000| Untracked 
| 114|0x0000000089400000, 0x0000000089400000, 0x0000000089500000|  0%| F|  |TAMS 0x0000000089400000, 0x0000000089400000| Untracked 
| 115|0x0000000089500000, 0x0000000089500000, 0x0000000089600000|  0%| F|  |TAMS 0x0000000089500000, 0x0000000089500000| Untracked 
| 116|0x0000000089600000, 0x0000000089600000, 0x0000000089700000|  0%| F|  |TAMS 0x0000000089600000, 0x0000000089600000| Untracked 
| 117|0x0000000089700000, 0x0000000089700000, 0x0000000089800000|  0%| F|  |TAMS 0x0000000089700000, 0x0000000089700000| Untracked 
| 118|0x0000000089800000, 0x0000000089800000, 0x0000000089900000|  0%| F|  |TAMS 0x0000000089800000, 0x0000000089800000| Untracked 
| 119|0x0000000089900000, 0x0000000089a00000, 0x0000000089a00000|100%| E|  |TAMS 0x0000000089900000, 0x0000000089900000| Complete 
| 120|0x0000000089a00000, 0x0000000089b00000, 0x0000000089b00000|100%| E|CS|TAMS 0x0000000089a00000, 0x0000000089a00000| Complete 
| 121|0x0000000089b00000, 0x0000000089c00000, 0x0000000089c00000|100%| E|CS|TAMS 0x0000000089b00000, 0x0000000089b00000| Complete 
| 122|0x0000000089c00000, 0x0000000089d00000, 0x0000000089d00000|100%| E|CS|TAMS 0x0000000089c00000, 0x0000000089c00000| Complete 
| 123|0x0000000089d00000, 0x0000000089e00000, 0x0000000089e00000|100%| E|CS|TAMS 0x0000000089d00000, 0x0000000089d00000| Complete 
| 124|0x0000000089e00000, 0x0000000089f00000, 0x0000000089f00000|100%| E|CS|TAMS 0x0000000089e00000, 0x0000000089e00000| Complete 
| 125|0x0000000089f00000, 0x000000008a000000, 0x000000008a000000|100%| E|CS|TAMS 0x0000000089f00000, 0x0000000089f00000| Complete 

Card table byte_map: [0x000001b864d60000,0x000001b865150000] _byte_map_base: 0x000001b86494f000

Marking Bits (Prev, Next): (CMBitMap*) 0x000001b84cee9008, (CMBitMap*) 0x000001b84cee9048
 Prev Bits: [0x000001b865540000, 0x000001b8674b8000)
 Next Bits: [0x000001b8674c0000, 0x000001b869438000)

Polling page: 0x000001b84ae10000

Metaspace:

Usage:
  Non-class:      8.30 MB capacity,     8.16 MB ( 98%) used,   112.31 KB (  1%) free+waste,    22.06 KB ( <1%) overhead. 
      Class:      1.26 MB capacity,     1.13 MB ( 90%) used,   116.17 KB (  9%) free+waste,    13.75 KB (  1%) overhead. 
       Both:      9.55 MB capacity,     9.29 MB ( 97%) used,   228.48 KB (  2%) free+waste,    35.81 KB ( <1%) overhead. 

Virtual space:
  Non-class space:       10.00 MB reserved,       8.50 MB ( 85%) committed 
      Class space:        1.00 GB reserved,       1.38 MB ( <1%) committed 
             Both:        1.01 GB reserved,       9.88 MB ( <1%) committed 

Chunk freelists:
   Non-Class:  17.00 KB
       Class:  26.00 KB
        Both:  43.00 KB

MaxMetaspaceSize: 17179869184.00 GB
CompressedClassSpaceSize: 1.00 GB

CodeHeap 'non-profiled nmethods': size=120000Kb used=281Kb max_used=281Kb free=119718Kb
 bounds [0x000001b85d110000, 0x000001b85d380000, 0x000001b864640000]
CodeHeap 'profiled nmethods': size=120000Kb used=1682Kb max_used=1682Kb free=118318Kb
 bounds [0x000001b855be0000, 0x000001b855e50000, 0x000001b85d110000]
CodeHeap 'non-nmethods': size=5760Kb used=1288Kb max_used=1305Kb free=4471Kb
 bounds [0x000001b855640000, 0x000001b8558b0000, 0x000001b855be0000]
 total_blobs=1603 nmethods=1024 adapters=492
 compilation: enabled
              stopped_count=0, restarted_count=0
 full_count=0

Compilation events (20 events):
Event: 4.012 Thread 0x000001b86bea2000 1016   !   3       sun.awt.GlobalCursorManager$NativeUpdater::run (43 bytes)
Event: 4.012 Thread 0x000001b86bea2000 nmethod 1016 0x000001b855d7d410 code [0x000001b855d7d5c0, 0x000001b855d7d968]
Event: 4.012 Thread 0x000001b86bea2000 1017   !   3       java.awt.LightweightDispatcher::eventDispatched (358 bytes)
Event: 4.020 Thread 0x000001b86bea2000 nmethod 1017 0x000001b855d7da90 code [0x000001b855d7dee0, 0x000001b855d81328]
Event: 4.308 Thread 0x000001b86bea2000 1020       3       jdk.internal.misc.Unsafe::weakCompareAndSetInt (11 bytes)
Event: 4.308 Thread 0x000001b86bea2000 nmethod 1020 0x000001b855d82410 code [0x000001b855d825a0, 0x000001b855d826d8]
Event: 4.308 Thread 0x000001b86bea2000 1018       3       java.util.concurrent.locks.AbstractQueuedSynchronizer$Node::getAndUnsetStatus (14 bytes)
Event: 4.309 Thread 0x000001b86bea2000 nmethod 1018 0x000001b855d82790 code [0x000001b855d82940, 0x000001b855d82c58]
Event: 4.309 Thread 0x000001b86bea2000 1021       3       javax.swing.JComponent::getHeight (5 bytes)
Event: 4.309 Thread 0x000001b86bea2000 nmethod 1021 0x000001b855d82d90 code [0x000001b855d82f20, 0x000001b855d83058]
Event: 4.309 Thread 0x000001b86bea2000 1022       3       sun.java2d.SunGraphics2D::invalidatePipe (41 bytes)
Event: 4.310 Thread 0x000001b86bea2000 nmethod 1022 0x000001b855d83110 code [0x000001b855d832c0, 0x000001b855d835f8]
Event: 4.310 Thread 0x000001b86bea2000 1019       3       jdk.internal.misc.Unsafe::getAndBitwiseAndInt (27 bytes)
Event: 4.310 Thread 0x000001b86bea2000 nmethod 1019 0x000001b855d83690 code [0x000001b855d83840, 0x000001b855d83a98]
Event: 2185.926 Thread 0x000001b86bea2000 1023       3       java.lang.invoke.LambdaForm$MH/0x0000000800baac40::invoke (25 bytes)
Event: 2185.928 Thread 0x000001b86bea2000 nmethod 1023 0x000001b855d83b90 code [0x000001b855d83d60, 0x000001b855d842f8]
Event: 2185.946 Thread 0x000001b86bea2000 1024       3       java.util.HashMap$EntryIterator::next (5 bytes)
Event: 2185.946 Thread 0x000001b86bea2000 nmethod 1024 0x000001b855d84410 code [0x000001b855d845c0, 0x000001b855d84768]
Event: 2186.024 Thread 0x000001b86bea2000 1025       3       jdk.internal.org.objectweb.asm.MethodWriter::visitFieldInsn (258 bytes)
Event: 2186.030 Thread 0x000001b86be9f000 1028       4       jdk.internal.org.objectweb.asm.Symbol::<init> (38 bytes)

GC Heap History (0 events):
No events

Deoptimization events (8 events):
Event: 0.101 Thread 0x000001b84cea5000 Uncommon trap: trap_request=0xffffff45 fr.pc=0x000001b85d115588 relative=0x0000000000000068
Event: 0.101 Thread 0x000001b84cea5000 Uncommon trap: reason=unstable_if action=reinterpret pc=0x000001b85d115588 method=java.lang.String.isLatin1()Z @ 10 c2
Event: 0.101 Thread 0x000001b84cea5000 DEOPT PACKING pc=0x000001b85d115588 sp=0x0000002bdd3fd070
Event: 0.101 Thread 0x000001b84cea5000 DEOPT UNPACKING pc=0x000001b85568912f sp=0x0000002bdd3fd000 mode 2
Event: 0.322 Thread 0x000001b84cea5000 Uncommon trap: trap_request=0xffffff45 fr.pc=0x000001b85d120b88 relative=0x00000000000009a8
Event: 0.322 Thread 0x000001b84cea5000 Uncommon trap: reason=unstable_if action=reinterpret pc=0x000001b85d120b88 method=java.util.HashMap.putVal(ILjava/lang/Object;Ljava/lang/Object;ZZ)Ljava/lang/Object; @ 81 c2
Event: 0.322 Thread 0x000001b84cea5000 DEOPT PACKING pc=0x000001b85d120b88 sp=0x0000002bdd3fe3e0
Event: 0.322 Thread 0x000001b84cea5000 DEOPT UNPACKING pc=0x000001b85568912f sp=0x0000002bdd3fe390 mode 2

Classes unloaded (0 events):
No events

Classes redefined (0 events):
No events

Internal exceptions (16 events):
Event: 0.090 Thread 0x000001b84cea5000 Exception <a 'java/lang/NoSuchMethodError'{0x0000000089fa8f28}: 'void java.lang.invoke.DirectMethodHandle$Holder.invokeSpecial(java.lang.Object, java.lang.Object, java.lang.Object, java.lang.Object)'> (0x0000000089fa8f28) 
thrown [./open/src/hotspot/share/interpreter/linkResolver.cpp, line 766]
Event: 0.111 Thread 0x000001b84cea5000 Exception <a 'sun/nio/fs/WindowsException'{0x0000000089fd5ec0}> (0x0000000089fd5ec0) 
thrown [./open/src/hotspot/share/prims/jni.cpp, line 599]
Event: 0.111 Thread 0x000001b84cea5000 Exception <a 'sun/nio/fs/WindowsException'{0x0000000089fd6420}> (0x0000000089fd6420) 
thrown [./open/src/hotspot/share/prims/jni.cpp, line 599]
Event: 0.114 Thread 0x000001b84cea5000 Exception <a 'sun/nio/fs/WindowsException'{0x0000000089fd8880}> (0x0000000089fd8880) 
thrown [./open/src/hotspot/share/prims/jni.cpp, line 599]
Event: 0.170 Thread 0x000001b84cea5000 Exception <a 'java/lang/ClassNotFoundException'{0x0000000089ea2540}: sun/awt/resources/spi/awtProvider> (0x0000000089ea2540) 
thrown [./open/src/hotspot/share/classfile/systemDictionary.cpp, line 226]
Event: 0.201 Thread 0x000001b84cea5000 Exception <a 'java/io/FileNotFoundException'{0x0000000089ef1b28}> (0x0000000089ef1b28) 
thrown [./open/src/hotspot/share/prims/jni.cpp, line 599]
Event: 0.211 Thread 0x000001b84cea5000 Exception <a 'java/io/FileNotFoundException'{0x0000000089d18790}> (0x0000000089d18790) 
thrown [./open/src/hotspot/share/prims/jni.cpp, line 599]
Event: 0.287 Thread 0x000001b86cba4000 Exception <a 'java/lang/NoSuchMethodError'{0x0000000089d7b158}: 'void java.lang.invoke.DirectMethodHandle$Holder.invokeSpecial(java.lang.Object, java.lang.Object)'> (0x0000000089d7b158) 
thrown [./open/src/hotspot/share/interpreter/linkResolver.cpp, line 766]
Event: 0.343 Thread 0x000001b84cea5000 Exception <a 'java/lang/NoSuchMethodError'{0x0000000089c49148}: 'java.lang.Object java.lang.invoke.DirectMethodHandle$Holder.invokeStatic(java.lang.Object, int, java.lang.Object, java.lang.Object, java.lang.Object, java.lang.Object)'> (0x0000000089c49148) 
thrown [./open/src/hotspot/share/interpreter/linkResolver.cpp, line 766]
Event: 0.344 Thread 0x000001b84cea5000 Exception <a 'java/lang/NoSuchMethodError'{0x0000000089c4fa68}: 'java.lang.Object java.lang.invoke.DirectMethodHandle$Holder.invokeStatic(java.lang.Object, int, java.lang.Object, java.lang.Object, java.lang.Object)'> (0x0000000089c4fa68) 
thrown [./open/src/hotspot/share/interpreter/linkResolver.cpp, line 766]
Event: 0.344 Thread 0x000001b84cea5000 Exception <a 'java/lang/NoSuchMethodError'{0x0000000089c532b8}: 'java.lang.Object java.lang.invoke.DirectMethodHandle$Holder.invokeSpecial(java.lang.Object, java.lang.Object, int, java.lang.Object, java.lang.Object, java.lang.Object)'> (0x0000000089c532b8) 
thrown [./open/src/hotspot/share/interpreter/linkResolver.cpp, line 766]
Event: 0.350 Thread 0x000001b84cea5000 Exception <a 'java/lang/NoSuchMethodError'{0x0000000089c69660}: 'java.lang.Object java.lang.invoke.DirectMethodHandle$Holder.invokeStatic(java.lang.Object, int, java.lang.Object)'> (0x0000000089c69660) 
thrown [./open/src/hotspot/share/interpreter/linkResolver.cpp, line 766]
Event: 0.391 Thread 0x000001b84cea5000 Exception <a 'java/lang/ClassNotFoundException'{0x0000000089b0da40}: com/sun/swing/internal/plaf/metal/resources/spi/metalProvider> (0x0000000089b0da40) 
thrown [./open/src/hotspot/share/classfile/systemDictionary.cpp, line 226]
Event: 0.393 Thread 0x000001b84cea5000 Exception <a 'java/lang/ClassNotFoundException'{0x0000000089b11d68}: com/sun/swing/internal/plaf/basic/resources/spi/basicProvider> (0x0000000089b11d68) 
thrown [./open/src/hotspot/share/classfile/systemDictionary.cpp, line 226]
Event: 0.521 Thread 0x000001b84cea5000 Exception <a 'java/lang/NoSuchMethodError'{0x0000000089bb34f0}: 'void java.lang.invoke.DirectMethodHandle$Holder.invokeStaticInit(java.lang.Object)'> (0x0000000089bb34f0) 
thrown [./open/src/hotspot/share/interpreter/linkResolver.cpp, line 766]
Event: 0.564 Thread 0x000001b84cea5000 Exception <a 'java/lang/NoSuchMethodError'{0x0000000089a1db28}: 'java.lang.Object java.lang.invoke.Invokers$Holder.linkToTargetMethod(java.lang.Object, int, java.lang.Object)'> (0x0000000089a1db28) 
thrown [./open/src/hotspot/share/interpreter/linkResolver.cpp, line 766]

Events (20 events):
Event: 0.796 loading class java/util/concurrent/TimeUnit$1 done
Event: 0.797 Executing VM operation: HandshakeOneThread
Event: 0.797 Executing VM operation: HandshakeOneThread done
Event: 0.797 Executing VM operation: HandshakeOneThread
Event: 0.797 Executing VM operation: HandshakeOneThread done
Event: 0.797 Executing VM operation: HandshakeOneThread
Event: 0.797 Executing VM operation: HandshakeOneThread done
Event: 1.299 loading class javax/swing/Timer$1
Event: 1.299 loading class javax/swing/Timer$1 done
Event: 2.136 Loaded shared library C:\Program Files\Java\jdk-14.0.2\bin\java.dll
Event: 4.013 loading class java/awt/LightweightDispatcher$2
Event: 4.013 loading class java/awt/LightweightDispatcher$2 done
Event: 4.629 Executing VM operation: HandshakeOneThread
Event: 4.629 Executing VM operation: HandshakeOneThread done
Event: 4.629 loading class java/awt/KeyboardFocusManager$2
Event: 4.629 loading class java/awt/KeyboardFocusManager$2 done
Event: 4.629 loading class sun/awt/SunToolkit$1
Event: 4.629 loading class sun/awt/SunToolkit$1 done
Event: 2185.919 Executing VM operation: HandshakeOneThread
Event: 2185.919 Executing VM operation: HandshakeOneThread done


Dynamic libraries:
0x00007ff661410000 - 0x00007ff66141f000 	C:\Program Files\Java\jdk-14.0.2\bin\java.exe
0x00007ff820de0000 - 0x00007ff820fcd000 	C:\Windows\SYSTEM32\ntdll.dll
0x00007ff81ed30000 - 0x00007ff81ede3000 	C:\Windows\System32\KERNEL32.DLL
0x00007ff81d2d0000 - 0x00007ff81d563000 	C:\Windows\System32\KERNELBASE.dll
0x00007ff81df10000 - 0x00007ff81e00c000 	C:\Windows\System32\ucrtbase.dll
0x00007ff8106a0000 - 0x00007ff8106b8000 	C:\Program Files\Java\jdk-14.0.2\bin\jli.dll
0x00007ff812980000 - 0x00007ff812995000 	C:\Program Files\Java\jdk-14.0.2\bin\VCRUNTIME140.dll
0x00007ff820430000 - 0x00007ff8204d3000 	C:\Windows\System32\ADVAPI32.dll
0x00007ff8207e0000 - 0x00007ff82087e000 	C:\Windows\System32\msvcrt.dll
0x00007ff81e7f0000 - 0x00007ff81e88e000 	C:\Windows\System32\sechost.dll
0x00007ff81eba0000 - 0x00007ff81ecc3000 	C:\Windows\System32\RPCRT4.dll
0x00007ff820c10000 - 0x00007ff820da7000 	C:\Windows\System32\USER32.dll
0x00007ff81d020000 - 0x00007ff81d040000 	C:\Windows\System32\win32u.dll
0x00007ff81ece0000 - 0x00007ff81ed09000 	C:\Windows\System32\GDI32.dll
0x00007fffff240000 - 0x00007fffff4b9000 	C:\Windows\WinSxS\amd64_microsoft.windows.common-controls_6595b64144ccf1df_6.0.17763.168_none_05b737f6071d80ab\COMCTL32.dll
0x00007ff81d570000 - 0x00007ff81d70a000 	C:\Windows\System32\gdi32full.dll
0x00007ff81cf60000 - 0x00007ff81d000000 	C:\Windows\System32\msvcp_win.dll
0x00007ff8208e0000 - 0x00007ff820c0d000 	C:\Windows\System32\combase.dll
0x00007ff81d710000 - 0x00007ff81d78e000 	C:\Windows\System32\bcryptPrimitives.dll
0x00007ff80d5b0000 - 0x00007ff80d5ba000 	C:\Windows\SYSTEM32\VERSION.dll
0x00007ff8207b0000 - 0x00007ff8207de000 	C:\Windows\System32\IMM32.DLL
0x00007ffff4b90000 - 0x00007ffff4c2b000 	C:\Program Files\Java\jdk-14.0.2\bin\msvcp140.dll
0x00007fffcb300000 - 0x00007fffcbe1e000 	C:\Program Files\Java\jdk-14.0.2\bin\server\jvm.dll
0x00007ff81ed10000 - 0x00007ff81ed18000 	C:\Windows\System32\PSAPI.DLL
0x00007ff80da80000 - 0x00007ff80da89000 	C:\Windows\SYSTEM32\WSOCK32.dll
0x00007ff81a3b0000 - 0x00007ff81a3d4000 	C:\Windows\SYSTEM32\WINMM.dll
0x00007ff8203c0000 - 0x00007ff82042d000 	C:\Windows\System32\WS2_32.dll
0x00007ff81a380000 - 0x00007ff81a3ad000 	C:\Windows\SYSTEM32\winmmbase.dll
0x00007ff81d280000 - 0x00007ff81d2ca000 	C:\Windows\System32\cfgmgr32.dll
0x00007ff81cde0000 - 0x00007ff81cdf1000 	C:\Windows\System32\kernel.appcore.dll
0x00007ff812ce0000 - 0x00007ff812cea000 	C:\Program Files\Java\jdk-14.0.2\bin\jimage.dll
0x00007ff81b7e0000 - 0x00007ff81b9cd000 	C:\Windows\SYSTEM32\DBGHELP.DLL
0x00007ff80aa50000 - 0x00007ff80aa7a000 	C:\Windows\SYSTEM32\dbgcore.DLL
0x00007ff81cd10000 - 0x00007ff81cd3f000 	C:\Windows\SYSTEM32\SspiCli.dll
0x00007ff80a960000 - 0x00007ff80a985000 	C:\Program Files\Java\jdk-14.0.2\bin\java.dll
0x00007ff810720000 - 0x00007ff810736000 	C:\Program Files\Java\jdk-14.0.2\bin\zip.dll
0x00007ff81edf0000 - 0x00007ff8202df000 	C:\Windows\System32\SHELL32.dll
0x00007ff81e070000 - 0x00007ff81e118000 	C:\Windows\System32\shcore.dll
0x00007ff81d7c0000 - 0x00007ff81df0a000 	C:\Windows\System32\windows.storage.dll
0x00007ff81ce00000 - 0x00007ff81ce24000 	C:\Windows\System32\profapi.dll
0x00007ff81ce30000 - 0x00007ff81ce8d000 	C:\Windows\System32\powrprof.dll
0x00007ff81e010000 - 0x00007ff81e062000 	C:\Windows\System32\shlwapi.dll
0x00007ff81d000000 - 0x00007ff81d017000 	C:\Windows\System32\cryptsp.dll
0x00007ff80e640000 - 0x00007ff80e659000 	C:\Program Files\Java\jdk-14.0.2\bin\net.dll
0x00007ff817ff0000 - 0x00007ff8180e1000 	C:\Windows\SYSTEM32\WINHTTP.dll
0x00007ff81c670000 - 0x00007ff81c6d7000 	C:\Windows\system32\mswsock.dll
0x00007ff8044a0000 - 0x00007ff8044b2000 	C:\Program Files\Java\jdk-14.0.2\bin\nio.dll
0x00007fffeff70000 - 0x00007ffff0109000 	C:\Program Files\Java\jdk-14.0.2\bin\awt.dll
0x00007ff820500000 - 0x00007ff8205cb000 	C:\Windows\System32\OLEAUT32.dll
0x00007ff81aa00000 - 0x00007ff81aa8c000 	C:\Windows\SYSTEM32\apphelp.dll
0x00007ff81ad80000 - 0x00007ff81adae000 	C:\Windows\system32\DWMAPI.DLL
0x00007ff81d040000 - 0x00007ff81d21b000 	C:\Windows\System32\CRYPT32.dll
0x00007ff81ce90000 - 0x00007ff81cea2000 	C:\Windows\System32\MSASN1.dll
0x00007ff81acc0000 - 0x00007ff81ad5c000 	C:\Windows\system32\uxtheme.dll
0x00007ffffce80000 - 0x00007ffffcfa7000 	C:\Windows\system32\opengl32.dll
0x00007ff8002d0000 - 0x00007ff8002fc000 	C:\Windows\SYSTEM32\GLU32.dll
0x00007ff81e680000 - 0x00007ff81e7ea000 	C:\Windows\System32\MSCTF.dll
0x00007ff81ea40000 - 0x00007ff81eb95000 	C:\Windows\System32\ole32.dll
0x00007ffff6ea0000 - 0x00007ffff6f22000 	C:\Program Files\Java\jdk-14.0.2\bin\freetype.dll
0x00007ffff1ca0000 - 0x00007ffff1d46000 	C:\Program Files\Java\jdk-14.0.2\bin\fontmanager.dll
0x00007ff8205d0000 - 0x00007ff820672000 	C:\Windows\System32\clbcatq.dll
0x00007ff8180f0000 - 0x00007ff8182a8000 	C:\Windows\SYSTEM32\WindowsCodecs.dll
0x00007ff801960000 - 0x00007ff8019b6000 	C:\Windows\system32\dataexchange.dll
0x00007ff819f30000 - 0x00007ff81a1ae000 	C:\Windows\system32\d3d11.dll
0x00007ff81a1b0000 - 0x00007ff81a373000 	C:\Windows\system32\dcomp.dll
0x00007ff81bb70000 - 0x00007ff81bc32000 	C:\Windows\system32\dxgi.dll
0x00007ff81ae60000 - 0x00007ff81b06d000 	C:\Windows\system32\twinapi.appcore.dll
0x00007ff81b070000 - 0x00007ff81b098000 	C:\Windows\system32\RMCLIENT.dll
0x00007ff80d240000 - 0x00007ff80d2d5000 	C:\Windows\System32\TextInputFramework.dll
0x00007ff81a750000 - 0x00007ff81a832000 	C:\Windows\System32\CoreMessaging.dll
0x00007ff818610000 - 0x00007ff818932000 	C:\Windows\System32\CoreUIComponents.dll
0x00007ff81bfc0000 - 0x00007ff81bff1000 	C:\Windows\SYSTEM32\ntmarta.dll
0x00007ff8184b0000 - 0x00007ff818603000 	C:\Windows\SYSTEM32\wintypes.dll

dbghelp: loaded successfully - version: 4.0.5 - missing functions: none
symbol engine: initialized successfully - sym options: 0x614 - pdb path: .;C:\Program Files\Java\jdk-14.0.2\bin;C:\Windows\SYSTEM32;C:\Windows\WinSxS\amd64_microsoft.windows.common-controls_6595b64144ccf1df_6.0.17763.168_none_05b737f6071d80ab;C:\Program Files\Java\jdk-14.0.2\bin\server

VM Arguments:
jvm_args: -Dfile.encoding=UTF-8 --module-path=C:\Users\ASUS\Documents\NetBeansProjects\FeeManagementSystem\build\classes 
java_command: feemanagementsystem.NewStudentForm
java_class_path (initial): C:\Users\ASUS\Documents\NetBeansProjects\FeeManagementSystem\build\classes
Launcher Type: SUN_STANDARD

[Global flags]
     intx CICompilerCount                          = 4                                         {product} {ergonomic}
     uint ConcGCThreads                            = 2                                         {product} {ergonomic}
     uint G1ConcRefinementThreads                  = 8                                         {product} {ergonomic}
   size_t G1HeapRegionSize                         = 1048576                                   {product} {ergonomic}
    uintx GCDrainStackTargetSize                   = 64                                        {product} {ergonomic}
   size_t InitialHeapSize                          = 132120576                                 {product} {ergonomic}
   size_t MarkStackSize                            = 4194304                                   {product} {ergonomic}
   size_t MaxHeapSize                              = 2111832064                                {product} {ergonomic}
   size_t MaxNewSize                               = 1266679808                                {product} {ergonomic}
   size_t MinHeapDeltaBytes                        = 1048576                                   {product} {ergonomic}
   size_t MinHeapSize                              = 8388608                                   {product} {ergonomic}
    uintx NonNMethodCodeHeapSize                   = 5839372                                {pd product} {ergonomic}
    uintx NonProfiledCodeHeapSize                  = 122909434                              {pd product} {ergonomic}
    uintx ProfiledCodeHeapSize                     = 122909434                              {pd product} {ergonomic}
    uintx ReservedCodeCacheSize                    = 251658240                              {pd product} {ergonomic}
     bool SegmentedCodeCache                       = true                                      {product} {ergonomic}
   size_t SoftMaxHeapSize                          = 2111832064                             {manageable} {ergonomic}
     bool UseCompressedClassPointers               = true                                 {lp64_product} {ergonomic}
     bool UseCompressedOops                        = true                                 {lp64_product} {ergonomic}
     bool UseG1GC                                  = true                                      {product} {ergonomic}
     bool UseLargePagesIndividualAllocation        = false                                  {pd product} {ergonomic}

Logging:
Log output configuration:
 #0: stdout all=warning uptime,level,tags
 #1: stderr all=off uptime,level,tags

Environment Variables:
CLASSPATH="C:\Program Files\Java\mysql-connector-java-8.0.23.tar.gz;.;";
PATH=C:\Program Files (x86)\Common Files\Oracle\Java\javapath;C:\Program Files (x86)\Intel\iCLS Client\;C:\Program Files\Intel\iCLS Client\;C:\Windows\system32;C:\Windows;C:\Windows\System32\Wbem;C:\Windows\System32\WindowsPowerShell\v1.0\;C:\Windows\System32\OpenSSH\;C:\Program Files (x86)\Intel\Intel(R) Management Engine Components\DAL;C:\Program Files\Intel\Intel(R) Management Engine Components\DAL;C:\Program Files (x86)\Intel\Intel(R) Management Engine Components\IPT;C:\Program Files\Intel\Intel(R) Management Engine Components\IPT;C:\Program Files\Intel\WiFi\bin\;C:\Program Files\Common Files\Intel\WirelessCommon\;C:\Program Files\MySQL\MySQL Shell 8.0\bin\;C:\Users\ASUS\AppData\Local\Microsoft\WindowsApps
OS=Windows_NT
PROCESSOR_IDENTIFIER=Intel64 Family 6 Model 142 Stepping 10, GenuineIntel



---------------  S Y S T E M  ---------------

OS: Windows 10 , 64 bit Build 17763 (10.0.17763.1)
OS uptime: 0 days 19:43 hours

CPU:total 8 (initial active 8) (4 cores per cpu, 2 threads per core) family 6 model 142 stepping 10, cmov, cx8, fxsr, mmx, sse, sse2, sse3, ssse3, sse4.1, sse4.2, popcnt, avx, avx2, aes, clmul, erms, 3dnowpref, lzcnt, ht, tsc, tscinvbit, bmi1, bmi2, adx, fma

Memory: 4k page, system-wide physical 8052M (875M free)
TotalPageFile size 32628M (AvailPageFile size 0M)
current process WorkingSet (physical memory assigned to process): 50M, peak: 65M
current process commit charge ("private bytes"): 224M, peak: 225M

vm_info: Java HotSpot(TM) 64-Bit Server VM (14.0.2+12-46) for windows-amd64 JRE (14.0.2+12-46), built on Jul  9 2020 00:35:52 by "mach5one" with MS VC++ 15.9 (VS2017)

END.
